SF:/Users/garthdb/Projects/rust-jira-mcp/src/config/jira.rs
FN:104,_RNCNvMs_NtNtCskhkPsqpzxNu_13rust_jira_mcp6config4jiraNtB6_10JiraConfig17load_with_secrets0Ba_
FN:77,_RNCNvMs_NtNtCskhkPsqpzxNu_13rust_jira_mcp6config4jiraNtB6_10JiraConfig4load0Ba_
FN:134,_RNCNvMs_NtNtCskhkPsqpzxNu_13rust_jira_mcp6config4jiraNtB6_10JiraConfig8validate0Ba_
FN:154,_RNCNvMs_NtNtCskhkPsqpzxNu_13rust_jira_mcp6config4jiraNtB6_10JiraConfig8validates_0Ba_
FN:87,_RNvMs_NtNtCskhkPsqpzxNu_13rust_jira_mcp6config4jiraNtB4_10JiraConfig11auth_header
FN:92,_RNvMs_NtNtCskhkPsqpzxNu_13rust_jira_mcp6config4jiraNtB4_10JiraConfig16timeout_duration
FN:104,_RNvMs_NtNtCskhkPsqpzxNu_13rust_jira_mcp6config4jiraNtB4_10JiraConfig17load_with_secrets
FN:41,_RNvMs_NtNtCskhkPsqpzxNu_13rust_jira_mcp6config4jiraNtB4_10JiraConfig4load
FN:127,_RNvMs_NtNtCskhkPsqpzxNu_13rust_jira_mcp6config4jiraNtB4_10JiraConfig8validate
FN:20,_RNvXNtNtCskhkPsqpzxNu_13rust_jira_mcp6config4jiraNtB2_10JiraConfigNtNtCs99E9PC2tmbt_4core7default7Default7default
FN:104,_RNCNvMs_NtNtCskhkPsqpzxNu_13rust_jira_mcp6config4jiraNtB6_10JiraConfig17load_with_secrets0CskJEy2L8KvEw_21main_integration_test
FN:104,_RNCNvMs_NtNtCslEfzt21w4nZ_13rust_jira_mcp6config4jiraNtB6_10JiraConfig17load_with_secrets0Ba_
FN:77,_RNCNvMs_NtNtCslEfzt21w4nZ_13rust_jira_mcp6config4jiraNtB6_10JiraConfig4load0Ba_
FN:134,_RNCNvMs_NtNtCslEfzt21w4nZ_13rust_jira_mcp6config4jiraNtB6_10JiraConfig8validate0Ba_
FN:154,_RNCNvMs_NtNtCslEfzt21w4nZ_13rust_jira_mcp6config4jiraNtB6_10JiraConfig8validates_0Ba_
FN:87,_RNvMs_NtNtCslEfzt21w4nZ_13rust_jira_mcp6config4jiraNtB4_10JiraConfig11auth_header
FN:92,_RNvMs_NtNtCslEfzt21w4nZ_13rust_jira_mcp6config4jiraNtB4_10JiraConfig16timeout_duration
FN:104,_RNvMs_NtNtCslEfzt21w4nZ_13rust_jira_mcp6config4jiraNtB4_10JiraConfig17load_with_secrets
FN:41,_RNvMs_NtNtCslEfzt21w4nZ_13rust_jira_mcp6config4jiraNtB4_10JiraConfig4load
FN:127,_RNvMs_NtNtCslEfzt21w4nZ_13rust_jira_mcp6config4jiraNtB4_10JiraConfig8validate
FN:20,_RNvXNtNtCslEfzt21w4nZ_13rust_jira_mcp6config4jiraNtB2_10JiraConfigNtNtCs99E9PC2tmbt_4core7default7Default7default
FN:104,_RNCNvMs_NtNtCsbRuuH6jbcRQ_13rust_jira_mcp6config4jiraNtB6_10JiraConfig17load_with_secrets0Ba_
FN:77,_RNCNvMs_NtNtCsbRuuH6jbcRQ_13rust_jira_mcp6config4jiraNtB6_10JiraConfig4load0Ba_
FN:134,_RNCNvMs_NtNtCsbRuuH6jbcRQ_13rust_jira_mcp6config4jiraNtB6_10JiraConfig8validate0Ba_
FN:154,_RNCNvMs_NtNtCsbRuuH6jbcRQ_13rust_jira_mcp6config4jiraNtB6_10JiraConfig8validates_0Ba_
FN:87,_RNvMs_NtNtCsbRuuH6jbcRQ_13rust_jira_mcp6config4jiraNtB4_10JiraConfig11auth_header
FN:92,_RNvMs_NtNtCsbRuuH6jbcRQ_13rust_jira_mcp6config4jiraNtB4_10JiraConfig16timeout_duration
FN:104,_RNvMs_NtNtCsbRuuH6jbcRQ_13rust_jira_mcp6config4jiraNtB4_10JiraConfig17load_with_secrets
FN:41,_RNvMs_NtNtCsbRuuH6jbcRQ_13rust_jira_mcp6config4jiraNtB4_10JiraConfig4load
FN:127,_RNvMs_NtNtCsbRuuH6jbcRQ_13rust_jira_mcp6config4jiraNtB4_10JiraConfig8validate
FN:20,_RNvXNtNtCsbRuuH6jbcRQ_13rust_jira_mcp6config4jiraNtB2_10JiraConfigNtNtCs99E9PC2tmbt_4core7default7Default7default
FN:104,_RNCNvMs_NtNtCs6CcTQqNWjGP_13rust_jira_mcp6config4jiraNtB6_10JiraConfig17load_with_secrets0Ba_
FN:77,_RNCNvMs_NtNtCs6CcTQqNWjGP_13rust_jira_mcp6config4jiraNtB6_10JiraConfig4load0Ba_
FN:134,_RNCNvMs_NtNtCs6CcTQqNWjGP_13rust_jira_mcp6config4jiraNtB6_10JiraConfig8validate0Ba_
FN:154,_RNCNvMs_NtNtCs6CcTQqNWjGP_13rust_jira_mcp6config4jiraNtB6_10JiraConfig8validates_0Ba_
FN:87,_RNvMs_NtNtCs6CcTQqNWjGP_13rust_jira_mcp6config4jiraNtB4_10JiraConfig11auth_header
FN:92,_RNvMs_NtNtCs6CcTQqNWjGP_13rust_jira_mcp6config4jiraNtB4_10JiraConfig16timeout_duration
FN:104,_RNvMs_NtNtCs6CcTQqNWjGP_13rust_jira_mcp6config4jiraNtB4_10JiraConfig17load_with_secrets
FN:41,_RNvMs_NtNtCs6CcTQqNWjGP_13rust_jira_mcp6config4jiraNtB4_10JiraConfig4load
FN:127,_RNvMs_NtNtCs6CcTQqNWjGP_13rust_jira_mcp6config4jiraNtB4_10JiraConfig8validate
FN:20,_RNvXNtNtCs6CcTQqNWjGP_13rust_jira_mcp6config4jiraNtB2_10JiraConfigNtNtCs99E9PC2tmbt_4core7default7Default7default
FNDA:0,_RNCNvMs_NtNtCskhkPsqpzxNu_13rust_jira_mcp6config4jiraNtB6_10JiraConfig17load_with_secrets0Ba_
FNDA:0,_RNCNvMs_NtNtCskhkPsqpzxNu_13rust_jira_mcp6config4jiraNtB6_10JiraConfig4load0Ba_
FNDA:18,_RNCNvMs_NtNtCskhkPsqpzxNu_13rust_jira_mcp6config4jiraNtB6_10JiraConfig8validate0Ba_
FNDA:9,_RNCNvMs_NtNtCskhkPsqpzxNu_13rust_jira_mcp6config4jiraNtB6_10JiraConfig8validates_0Ba_
FNDA:87,_RNvMs_NtNtCskhkPsqpzxNu_13rust_jira_mcp6config4jiraNtB4_10JiraConfig11auth_header
FNDA:2029,_RNvMs_NtNtCskhkPsqpzxNu_13rust_jira_mcp6config4jiraNtB4_10JiraConfig16timeout_duration
FNDA:1,_RNvMs_NtNtCskhkPsqpzxNu_13rust_jira_mcp6config4jiraNtB4_10JiraConfig17load_with_secrets
FNDA:1,_RNvMs_NtNtCskhkPsqpzxNu_13rust_jira_mcp6config4jiraNtB4_10JiraConfig4load
FNDA:19,_RNvMs_NtNtCskhkPsqpzxNu_13rust_jira_mcp6config4jiraNtB4_10JiraConfig8validate
FNDA:32,_RNvXNtNtCskhkPsqpzxNu_13rust_jira_mcp6config4jiraNtB2_10JiraConfigNtNtCs99E9PC2tmbt_4core7default7Default7default
FNDA:1,_RNCNvMs_NtNtCskhkPsqpzxNu_13rust_jira_mcp6config4jiraNtB6_10JiraConfig17load_with_secrets0CskJEy2L8KvEw_21main_integration_test
FNDA:0,_RNCNvMs_NtNtCslEfzt21w4nZ_13rust_jira_mcp6config4jiraNtB6_10JiraConfig17load_with_secrets0Ba_
FNDA:0,_RNCNvMs_NtNtCslEfzt21w4nZ_13rust_jira_mcp6config4jiraNtB6_10JiraConfig4load0Ba_
FNDA:0,_RNCNvMs_NtNtCslEfzt21w4nZ_13rust_jira_mcp6config4jiraNtB6_10JiraConfig8validate0Ba_
FNDA:0,_RNCNvMs_NtNtCslEfzt21w4nZ_13rust_jira_mcp6config4jiraNtB6_10JiraConfig8validates_0Ba_
FNDA:0,_RNvMs_NtNtCslEfzt21w4nZ_13rust_jira_mcp6config4jiraNtB4_10JiraConfig11auth_header
FNDA:0,_RNvMs_NtNtCslEfzt21w4nZ_13rust_jira_mcp6config4jiraNtB4_10JiraConfig16timeout_duration
FNDA:0,_RNvMs_NtNtCslEfzt21w4nZ_13rust_jira_mcp6config4jiraNtB4_10JiraConfig17load_with_secrets
FNDA:0,_RNvMs_NtNtCslEfzt21w4nZ_13rust_jira_mcp6config4jiraNtB4_10JiraConfig4load
FNDA:0,_RNvMs_NtNtCslEfzt21w4nZ_13rust_jira_mcp6config4jiraNtB4_10JiraConfig8validate
FNDA:0,_RNvXNtNtCslEfzt21w4nZ_13rust_jira_mcp6config4jiraNtB2_10JiraConfigNtNtCs99E9PC2tmbt_4core7default7Default7default
FNDA:0,_RNCNvMs_NtNtCsbRuuH6jbcRQ_13rust_jira_mcp6config4jiraNtB6_10JiraConfig17load_with_secrets0Ba_
FNDA:0,_RNCNvMs_NtNtCsbRuuH6jbcRQ_13rust_jira_mcp6config4jiraNtB6_10JiraConfig4load0Ba_
FNDA:0,_RNCNvMs_NtNtCsbRuuH6jbcRQ_13rust_jira_mcp6config4jiraNtB6_10JiraConfig8validate0Ba_
FNDA:0,_RNCNvMs_NtNtCsbRuuH6jbcRQ_13rust_jira_mcp6config4jiraNtB6_10JiraConfig8validates_0Ba_
FNDA:0,_RNvMs_NtNtCsbRuuH6jbcRQ_13rust_jira_mcp6config4jiraNtB4_10JiraConfig11auth_header
FNDA:0,_RNvMs_NtNtCsbRuuH6jbcRQ_13rust_jira_mcp6config4jiraNtB4_10JiraConfig16timeout_duration
FNDA:0,_RNvMs_NtNtCsbRuuH6jbcRQ_13rust_jira_mcp6config4jiraNtB4_10JiraConfig17load_with_secrets
FNDA:0,_RNvMs_NtNtCsbRuuH6jbcRQ_13rust_jira_mcp6config4jiraNtB4_10JiraConfig4load
FNDA:0,_RNvMs_NtNtCsbRuuH6jbcRQ_13rust_jira_mcp6config4jiraNtB4_10JiraConfig8validate
FNDA:0,_RNvXNtNtCsbRuuH6jbcRQ_13rust_jira_mcp6config4jiraNtB2_10JiraConfigNtNtCs99E9PC2tmbt_4core7default7Default7default
FNDA:0,_RNCNvMs_NtNtCs6CcTQqNWjGP_13rust_jira_mcp6config4jiraNtB6_10JiraConfig17load_with_secrets0Ba_
FNDA:0,_RNCNvMs_NtNtCs6CcTQqNWjGP_13rust_jira_mcp6config4jiraNtB6_10JiraConfig4load0Ba_
FNDA:0,_RNCNvMs_NtNtCs6CcTQqNWjGP_13rust_jira_mcp6config4jiraNtB6_10JiraConfig8validate0Ba_
FNDA:0,_RNCNvMs_NtNtCs6CcTQqNWjGP_13rust_jira_mcp6config4jiraNtB6_10JiraConfig8validates_0Ba_
FNDA:0,_RNvMs_NtNtCs6CcTQqNWjGP_13rust_jira_mcp6config4jiraNtB4_10JiraConfig11auth_header
FNDA:0,_RNvMs_NtNtCs6CcTQqNWjGP_13rust_jira_mcp6config4jiraNtB4_10JiraConfig16timeout_duration
FNDA:0,_RNvMs_NtNtCs6CcTQqNWjGP_13rust_jira_mcp6config4jiraNtB4_10JiraConfig17load_with_secrets
FNDA:0,_RNvMs_NtNtCs6CcTQqNWjGP_13rust_jira_mcp6config4jiraNtB4_10JiraConfig4load
FNDA:0,_RNvMs_NtNtCs6CcTQqNWjGP_13rust_jira_mcp6config4jiraNtB4_10JiraConfig8validate
FNDA:0,_RNvXNtNtCs6CcTQqNWjGP_13rust_jira_mcp6config4jiraNtB2_10JiraConfigNtNtCs99E9PC2tmbt_4core7default7Default7default
FNF:10
FNH:9
DA:20,32
DA:21,32
DA:22,32
DA:23,32
DA:24,32
DA:25,32
DA:26,32
DA:27,32
DA:28,32
DA:29,32
DA:30,32
DA:31,32
DA:41,1
DA:43,1
DA:44,0
DA:45,1
DA:46,1
DA:47,1
DA:49,1
DA:50,1
DA:51,1
DA:52,1
DA:55,1
DA:56,0
DA:57,1
DA:59,1
DA:61,1
DA:62,1
DA:63,1
DA:66,1
DA:67,0
DA:68,1
DA:69,1
DA:70,0
DA:71,1
DA:74,1
DA:75,1
DA:76,1
DA:77,1
DA:78,1
DA:79,1
DA:81,0
DA:83,1
DA:84,1
DA:87,87
DA:88,87
DA:89,87
DA:92,2029
DA:93,2029
DA:94,2029
DA:104,1
DA:105,1
DA:108,1
DA:109,1
DA:110,1
DA:112,1
DA:113,1
DA:114,1
DA:116,1
DA:117,1
DA:127,19
DA:130,19
DA:131,19
DA:132,19
DA:133,19
DA:134,19
DA:135,18
DA:136,14
DA:137,12
DA:138,11
DA:140,11
DA:142,7
DA:144,18
DA:146,19
DA:147,19
DA:148,19
DA:149,19
DA:151,19
DA:152,19
DA:153,19
DA:154,19
DA:155,9
DA:156,8
DA:158,1
DA:160,9
DA:163,19
DA:164,11
DA:165,9
DA:167,8
DA:168,19
BRF:0
BRH:0
LF:94
LH:88
end_of_record
SF:/Users/garthdb/Projects/rust-jira-mcp/src/config/manager.rs
FN:95,_RNCNvMs_NtNtCskhkPsqpzxNu_13rust_jira_mcp6config7managerNtB6_13ConfigManager10get_config0Ba_
FN:83,_RNCNvMs_NtNtCskhkPsqpzxNu_13rust_jira_mcp6config7managerNtB6_13ConfigManager17load_with_options0Ba_
FN:109,_RNCNvMs_NtNtCskhkPsqpzxNu_13rust_jira_mcp6config7managerNtB6_13ConfigManager17enable_hot_reload0Ba_
FN:129,_RNCNvMs_NtNtCskhkPsqpzxNu_13rust_jira_mcp6config7managerNtB6_13ConfigManager17enable_hot_reloads_0Ba_
FN:310,_RNCNvMs_NtNtCskhkPsqpzxNu_13rust_jira_mcp6config7managerNtB6_13ConfigManager18get_config_sources0Ba_
FN:168,_RNCNvMs_NtNtCskhkPsqpzxNu_13rust_jira_mcp6config7managerNtB6_13ConfigManager31load_config_from_sources_static0Ba_
FN:208,_RNCNvMs_NtNtCskhkPsqpzxNu_13rust_jira_mcp6config7managerNtB6_13ConfigManager31load_config_from_sources_statics0_0Ba_
FN:180,_RNCNvMs_NtNtCskhkPsqpzxNu_13rust_jira_mcp6config7managerNtB6_13ConfigManager31load_config_from_sources_statics_0Ba_
FN:95,_RNvMs_NtNtCskhkPsqpzxNu_13rust_jira_mcp6config7managerNtB4_13ConfigManager10get_config
FN:287,_RNvMs_NtNtCskhkPsqpzxNu_13rust_jira_mcp6config7managerNtB4_13ConfigManager12is_valid_url
FN:279,_RNvMs_NtNtCskhkPsqpzxNu_13rust_jira_mcp6config7managerNtB4_13ConfigManager14is_valid_email
FN:218,_RNvMs_NtNtCskhkPsqpzxNu_13rust_jira_mcp6config7managerNtB4_13ConfigManager15validate_config
FN:100,_RNvMs_NtNtCskhkPsqpzxNu_13rust_jira_mcp6config7managerNtB4_13ConfigManager17enable_hot_reload
FN:83,_RNvMs_NtNtCskhkPsqpzxNu_13rust_jira_mcp6config7managerNtB4_13ConfigManager17load_with_options
FN:293,_RNvMs_NtNtCskhkPsqpzxNu_13rust_jira_mcp6config7managerNtB4_13ConfigManager18get_config_sources
FN:323,_RNvMs_NtNtCskhkPsqpzxNu_13rust_jira_mcp6config7managerNtB4_13ConfigManager21is_hot_reload_enabled
FN:147,_RNvMs_NtNtCskhkPsqpzxNu_13rust_jira_mcp6config7managerNtB4_13ConfigManager24load_config_from_sources
FN:152,_RNvMs_NtNtCskhkPsqpzxNu_13rust_jira_mcp6config7managerNtB4_13ConfigManager31load_config_from_sources_static
FN:66,_RNvMs_NtNtCskhkPsqpzxNu_13rust_jira_mcp6config7managerNtB4_13ConfigManager3new
FN:53,_RNvXNtNtCskhkPsqpzxNu_13rust_jira_mcp6config7managerNtB2_13ConfigOptionsNtNtCs99E9PC2tmbt_4core7default7Default7default
FN:329,_RNvXs0_NtNtCskhkPsqpzxNu_13rust_jira_mcp6config7managerNtB5_13ConfigManagerNtNtCs99E9PC2tmbt_4core7default7Default7default
FN:95,_RNCNvMs_NtNtCskhkPsqpzxNu_13rust_jira_mcp6config7managerNtB6_13ConfigManager10get_config0CsbwnEFz3RETB_19config_manager_test
FN:83,_RNCNvMs_NtNtCskhkPsqpzxNu_13rust_jira_mcp6config7managerNtB6_13ConfigManager17load_with_options0CsbwnEFz3RETB_19config_manager_test
FN:95,_RNCNvMs_NtNtCskhkPsqpzxNu_13rust_jira_mcp6config7managerNtB6_13ConfigManager10get_config0CsfFwibxTw3OB_18configuration_test
FN:83,_RNCNvMs_NtNtCskhkPsqpzxNu_13rust_jira_mcp6config7managerNtB6_13ConfigManager17load_with_options0CsfFwibxTw3OB_18configuration_test
FN:83,_RNCNvMs_NtNtCskhkPsqpzxNu_13rust_jira_mcp6config7managerNtB6_13ConfigManager17load_with_options0Cs7T63blKLSnz_21main_application_test
FN:95,_RNCNvMs_NtNtCskhkPsqpzxNu_13rust_jira_mcp6config7managerNtB6_13ConfigManager10get_config0CskJEy2L8KvEw_21main_integration_test
FN:83,_RNCNvMs_NtNtCskhkPsqpzxNu_13rust_jira_mcp6config7managerNtB6_13ConfigManager17load_with_options0CskJEy2L8KvEw_21main_integration_test
FN:329,_RNvXs0_NtNtCslEfzt21w4nZ_13rust_jira_mcp6config7managerNtB5_13ConfigManagerNtNtCs99E9PC2tmbt_4core7default7Default7default
FN:95,_RNvMs_NtNtCslEfzt21w4nZ_13rust_jira_mcp6config7managerNtB4_13ConfigManager10get_config
FN:287,_RNvMs_NtNtCslEfzt21w4nZ_13rust_jira_mcp6config7managerNtB4_13ConfigManager12is_valid_url
FN:279,_RNvMs_NtNtCslEfzt21w4nZ_13rust_jira_mcp6config7managerNtB4_13ConfigManager14is_valid_email
FN:218,_RNvMs_NtNtCslEfzt21w4nZ_13rust_jira_mcp6config7managerNtB4_13ConfigManager15validate_config
FN:100,_RNvMs_NtNtCslEfzt21w4nZ_13rust_jira_mcp6config7managerNtB4_13ConfigManager17enable_hot_reload
FN:83,_RNvMs_NtNtCslEfzt21w4nZ_13rust_jira_mcp6config7managerNtB4_13ConfigManager17load_with_options
FN:293,_RNvMs_NtNtCslEfzt21w4nZ_13rust_jira_mcp6config7managerNtB4_13ConfigManager18get_config_sources
FN:323,_RNvMs_NtNtCslEfzt21w4nZ_13rust_jira_mcp6config7managerNtB4_13ConfigManager21is_hot_reload_enabled
FN:147,_RNvMs_NtNtCslEfzt21w4nZ_13rust_jira_mcp6config7managerNtB4_13ConfigManager24load_config_from_sources
FN:152,_RNvMs_NtNtCslEfzt21w4nZ_13rust_jira_mcp6config7managerNtB4_13ConfigManager31load_config_from_sources_static
FN:66,_RNvMs_NtNtCslEfzt21w4nZ_13rust_jira_mcp6config7managerNtB4_13ConfigManager3new
FN:53,_RNvXNtNtCslEfzt21w4nZ_13rust_jira_mcp6config7managerNtB2_13ConfigOptionsNtNtCs99E9PC2tmbt_4core7default7Default7default
FN:95,_RNCNvMs_NtNtCslEfzt21w4nZ_13rust_jira_mcp6config7managerNtB6_13ConfigManager10get_config0Ba_
FN:109,_RNCNvMs_NtNtCslEfzt21w4nZ_13rust_jira_mcp6config7managerNtB6_13ConfigManager17enable_hot_reload0Ba_
FN:129,_RNCNvMs_NtNtCslEfzt21w4nZ_13rust_jira_mcp6config7managerNtB6_13ConfigManager17enable_hot_reloads_0Ba_
FN:83,_RNCNvMs_NtNtCslEfzt21w4nZ_13rust_jira_mcp6config7managerNtB6_13ConfigManager17load_with_options0Ba_
FN:310,_RNCNvMs_NtNtCslEfzt21w4nZ_13rust_jira_mcp6config7managerNtB6_13ConfigManager18get_config_sources0Ba_
FN:168,_RNCNvMs_NtNtCslEfzt21w4nZ_13rust_jira_mcp6config7managerNtB6_13ConfigManager31load_config_from_sources_static0Ba_
FN:208,_RNCNvMs_NtNtCslEfzt21w4nZ_13rust_jira_mcp6config7managerNtB6_13ConfigManager31load_config_from_sources_statics0_0Ba_
FN:180,_RNCNvMs_NtNtCslEfzt21w4nZ_13rust_jira_mcp6config7managerNtB6_13ConfigManager31load_config_from_sources_statics_0Ba_
FN:95,_RNCNvMs_NtNtCsbRuuH6jbcRQ_13rust_jira_mcp6config7managerNtB6_13ConfigManager10get_config0Ba_
FN:109,_RNCNvMs_NtNtCsbRuuH6jbcRQ_13rust_jira_mcp6config7managerNtB6_13ConfigManager17enable_hot_reload0Ba_
FN:129,_RNCNvMs_NtNtCsbRuuH6jbcRQ_13rust_jira_mcp6config7managerNtB6_13ConfigManager17enable_hot_reloads_0Ba_
FN:83,_RNCNvMs_NtNtCsbRuuH6jbcRQ_13rust_jira_mcp6config7managerNtB6_13ConfigManager17load_with_options0Ba_
FN:310,_RNCNvMs_NtNtCsbRuuH6jbcRQ_13rust_jira_mcp6config7managerNtB6_13ConfigManager18get_config_sources0Ba_
FN:168,_RNCNvMs_NtNtCsbRuuH6jbcRQ_13rust_jira_mcp6config7managerNtB6_13ConfigManager31load_config_from_sources_static0Ba_
FN:208,_RNCNvMs_NtNtCsbRuuH6jbcRQ_13rust_jira_mcp6config7managerNtB6_13ConfigManager31load_config_from_sources_statics0_0Ba_
FN:180,_RNCNvMs_NtNtCsbRuuH6jbcRQ_13rust_jira_mcp6config7managerNtB6_13ConfigManager31load_config_from_sources_statics_0Ba_
FN:95,_RNvMs_NtNtCsbRuuH6jbcRQ_13rust_jira_mcp6config7managerNtB4_13ConfigManager10get_config
FN:287,_RNvMs_NtNtCsbRuuH6jbcRQ_13rust_jira_mcp6config7managerNtB4_13ConfigManager12is_valid_url
FN:279,_RNvMs_NtNtCsbRuuH6jbcRQ_13rust_jira_mcp6config7managerNtB4_13ConfigManager14is_valid_email
FN:218,_RNvMs_NtNtCsbRuuH6jbcRQ_13rust_jira_mcp6config7managerNtB4_13ConfigManager15validate_config
FN:100,_RNvMs_NtNtCsbRuuH6jbcRQ_13rust_jira_mcp6config7managerNtB4_13ConfigManager17enable_hot_reload
FN:83,_RNvMs_NtNtCsbRuuH6jbcRQ_13rust_jira_mcp6config7managerNtB4_13ConfigManager17load_with_options
FN:293,_RNvMs_NtNtCsbRuuH6jbcRQ_13rust_jira_mcp6config7managerNtB4_13ConfigManager18get_config_sources
FN:323,_RNvMs_NtNtCsbRuuH6jbcRQ_13rust_jira_mcp6config7managerNtB4_13ConfigManager21is_hot_reload_enabled
FN:147,_RNvMs_NtNtCsbRuuH6jbcRQ_13rust_jira_mcp6config7managerNtB4_13ConfigManager24load_config_from_sources
FN:152,_RNvMs_NtNtCsbRuuH6jbcRQ_13rust_jira_mcp6config7managerNtB4_13ConfigManager31load_config_from_sources_static
FN:66,_RNvMs_NtNtCsbRuuH6jbcRQ_13rust_jira_mcp6config7managerNtB4_13ConfigManager3new
FN:53,_RNvXNtNtCsbRuuH6jbcRQ_13rust_jira_mcp6config7managerNtB2_13ConfigOptionsNtNtCs99E9PC2tmbt_4core7default7Default7default
FN:329,_RNvXs0_NtNtCsbRuuH6jbcRQ_13rust_jira_mcp6config7managerNtB5_13ConfigManagerNtNtCs99E9PC2tmbt_4core7default7Default7default
FN:95,_RNCNvMs_NtNtCs6CcTQqNWjGP_13rust_jira_mcp6config7managerNtB6_13ConfigManager10get_config0Ba_
FN:109,_RNCNvMs_NtNtCs6CcTQqNWjGP_13rust_jira_mcp6config7managerNtB6_13ConfigManager17enable_hot_reload0Ba_
FN:129,_RNCNvMs_NtNtCs6CcTQqNWjGP_13rust_jira_mcp6config7managerNtB6_13ConfigManager17enable_hot_reloads_0Ba_
FN:83,_RNCNvMs_NtNtCs6CcTQqNWjGP_13rust_jira_mcp6config7managerNtB6_13ConfigManager17load_with_options0Ba_
FN:310,_RNCNvMs_NtNtCs6CcTQqNWjGP_13rust_jira_mcp6config7managerNtB6_13ConfigManager18get_config_sources0Ba_
FN:168,_RNCNvMs_NtNtCs6CcTQqNWjGP_13rust_jira_mcp6config7managerNtB6_13ConfigManager31load_config_from_sources_static0Ba_
FN:208,_RNCNvMs_NtNtCs6CcTQqNWjGP_13rust_jira_mcp6config7managerNtB6_13ConfigManager31load_config_from_sources_statics0_0Ba_
FN:180,_RNCNvMs_NtNtCs6CcTQqNWjGP_13rust_jira_mcp6config7managerNtB6_13ConfigManager31load_config_from_sources_statics_0Ba_
FN:95,_RNvMs_NtNtCs6CcTQqNWjGP_13rust_jira_mcp6config7managerNtB4_13ConfigManager10get_config
FN:287,_RNvMs_NtNtCs6CcTQqNWjGP_13rust_jira_mcp6config7managerNtB4_13ConfigManager12is_valid_url
FN:279,_RNvMs_NtNtCs6CcTQqNWjGP_13rust_jira_mcp6config7managerNtB4_13ConfigManager14is_valid_email
FN:218,_RNvMs_NtNtCs6CcTQqNWjGP_13rust_jira_mcp6config7managerNtB4_13ConfigManager15validate_config
FN:100,_RNvMs_NtNtCs6CcTQqNWjGP_13rust_jira_mcp6config7managerNtB4_13ConfigManager17enable_hot_reload
FN:83,_RNvMs_NtNtCs6CcTQqNWjGP_13rust_jira_mcp6config7managerNtB4_13ConfigManager17load_with_options
FN:293,_RNvMs_NtNtCs6CcTQqNWjGP_13rust_jira_mcp6config7managerNtB4_13ConfigManager18get_config_sources
FN:323,_RNvMs_NtNtCs6CcTQqNWjGP_13rust_jira_mcp6config7managerNtB4_13ConfigManager21is_hot_reload_enabled
FN:147,_RNvMs_NtNtCs6CcTQqNWjGP_13rust_jira_mcp6config7managerNtB4_13ConfigManager24load_config_from_sources
FN:152,_RNvMs_NtNtCs6CcTQqNWjGP_13rust_jira_mcp6config7managerNtB4_13ConfigManager31load_config_from_sources_static
FN:66,_RNvMs_NtNtCs6CcTQqNWjGP_13rust_jira_mcp6config7managerNtB4_13ConfigManager3new
FN:53,_RNvXNtNtCs6CcTQqNWjGP_13rust_jira_mcp6config7managerNtB2_13ConfigOptionsNtNtCs99E9PC2tmbt_4core7default7Default7default
FN:329,_RNvXs0_NtNtCs6CcTQqNWjGP_13rust_jira_mcp6config7managerNtB5_13ConfigManagerNtNtCs99E9PC2tmbt_4core7default7Default7default
FNDA:0,_RNCNvMs_NtNtCskhkPsqpzxNu_13rust_jira_mcp6config7managerNtB6_13ConfigManager10get_config0Ba_
FNDA:0,_RNCNvMs_NtNtCskhkPsqpzxNu_13rust_jira_mcp6config7managerNtB6_13ConfigManager17load_with_options0Ba_
FNDA:0,_RNCNvMs_NtNtCskhkPsqpzxNu_13rust_jira_mcp6config7managerNtB6_13ConfigManager17enable_hot_reload0Ba_
FNDA:0,_RNCNvMs_NtNtCskhkPsqpzxNu_13rust_jira_mcp6config7managerNtB6_13ConfigManager17enable_hot_reloads_0Ba_
FNDA:0,_RNCNvMs_NtNtCskhkPsqpzxNu_13rust_jira_mcp6config7managerNtB6_13ConfigManager18get_config_sources0Ba_
FNDA:4,_RNCNvMs_NtNtCskhkPsqpzxNu_13rust_jira_mcp6config7managerNtB6_13ConfigManager31load_config_from_sources_static0Ba_
FNDA:0,_RNCNvMs_NtNtCskhkPsqpzxNu_13rust_jira_mcp6config7managerNtB6_13ConfigManager31load_config_from_sources_statics0_0Ba_
FNDA:3,_RNCNvMs_NtNtCskhkPsqpzxNu_13rust_jira_mcp6config7managerNtB6_13ConfigManager31load_config_from_sources_statics_0Ba_
FNDA:13,_RNvMs_NtNtCskhkPsqpzxNu_13rust_jira_mcp6config7managerNtB4_13ConfigManager10get_config
FNDA:9,_RNvMs_NtNtCskhkPsqpzxNu_13rust_jira_mcp6config7managerNtB4_13ConfigManager12is_valid_url
FNDA:9,_RNvMs_NtNtCskhkPsqpzxNu_13rust_jira_mcp6config7managerNtB4_13ConfigManager14is_valid_email
FNDA:9,_RNvMs_NtNtCskhkPsqpzxNu_13rust_jira_mcp6config7managerNtB4_13ConfigManager15validate_config
FNDA:1,_RNvMs_NtNtCskhkPsqpzxNu_13rust_jira_mcp6config7managerNtB4_13ConfigManager17enable_hot_reload
FNDA:19,_RNvMs_NtNtCskhkPsqpzxNu_13rust_jira_mcp6config7managerNtB4_13ConfigManager17load_with_options
FNDA:12,_RNvMs_NtNtCskhkPsqpzxNu_13rust_jira_mcp6config7managerNtB4_13ConfigManager18get_config_sources
FNDA:7,_RNvMs_NtNtCskhkPsqpzxNu_13rust_jira_mcp6config7managerNtB4_13ConfigManager21is_hot_reload_enabled
FNDA:19,_RNvMs_NtNtCskhkPsqpzxNu_13rust_jira_mcp6config7managerNtB4_13ConfigManager24load_config_from_sources
FNDA:19,_RNvMs_NtNtCskhkPsqpzxNu_13rust_jira_mcp6config7managerNtB4_13ConfigManager31load_config_from_sources_static
FNDA:29,_RNvMs_NtNtCskhkPsqpzxNu_13rust_jira_mcp6config7managerNtB4_13ConfigManager3new
FNDA:2,_RNvXNtNtCskhkPsqpzxNu_13rust_jira_mcp6config7managerNtB2_13ConfigOptionsNtNtCs99E9PC2tmbt_4core7default7Default7default
FNDA:1,_RNvXs0_NtNtCskhkPsqpzxNu_13rust_jira_mcp6config7managerNtB5_13ConfigManagerNtNtCs99E9PC2tmbt_4core7default7Default7default
FNDA:10,_RNCNvMs_NtNtCskhkPsqpzxNu_13rust_jira_mcp6config7managerNtB6_13ConfigManager10get_config0CsbwnEFz3RETB_19config_manager_test
FNDA:14,_RNCNvMs_NtNtCskhkPsqpzxNu_13rust_jira_mcp6config7managerNtB6_13ConfigManager17load_with_options0CsbwnEFz3RETB_19config_manager_test
FNDA:2,_RNCNvMs_NtNtCskhkPsqpzxNu_13rust_jira_mcp6config7managerNtB6_13ConfigManager10get_config0CsfFwibxTw3OB_18configuration_test
FNDA:2,_RNCNvMs_NtNtCskhkPsqpzxNu_13rust_jira_mcp6config7managerNtB6_13ConfigManager17load_with_options0CsfFwibxTw3OB_18configuration_test
FNDA:1,_RNCNvMs_NtNtCskhkPsqpzxNu_13rust_jira_mcp6config7managerNtB6_13ConfigManager17load_with_options0Cs7T63blKLSnz_21main_application_test
FNDA:1,_RNCNvMs_NtNtCskhkPsqpzxNu_13rust_jira_mcp6config7managerNtB6_13ConfigManager10get_config0CskJEy2L8KvEw_21main_integration_test
FNDA:2,_RNCNvMs_NtNtCskhkPsqpzxNu_13rust_jira_mcp6config7managerNtB6_13ConfigManager17load_with_options0CskJEy2L8KvEw_21main_integration_test
FNDA:0,_RNvXs0_NtNtCslEfzt21w4nZ_13rust_jira_mcp6config7managerNtB5_13ConfigManagerNtNtCs99E9PC2tmbt_4core7default7Default7default
FNDA:0,_RNvMs_NtNtCslEfzt21w4nZ_13rust_jira_mcp6config7managerNtB4_13ConfigManager10get_config
FNDA:0,_RNvMs_NtNtCslEfzt21w4nZ_13rust_jira_mcp6config7managerNtB4_13ConfigManager12is_valid_url
FNDA:0,_RNvMs_NtNtCslEfzt21w4nZ_13rust_jira_mcp6config7managerNtB4_13ConfigManager14is_valid_email
FNDA:0,_RNvMs_NtNtCslEfzt21w4nZ_13rust_jira_mcp6config7managerNtB4_13ConfigManager15validate_config
FNDA:0,_RNvMs_NtNtCslEfzt21w4nZ_13rust_jira_mcp6config7managerNtB4_13ConfigManager17enable_hot_reload
FNDA:0,_RNvMs_NtNtCslEfzt21w4nZ_13rust_jira_mcp6config7managerNtB4_13ConfigManager17load_with_options
FNDA:0,_RNvMs_NtNtCslEfzt21w4nZ_13rust_jira_mcp6config7managerNtB4_13ConfigManager18get_config_sources
FNDA:0,_RNvMs_NtNtCslEfzt21w4nZ_13rust_jira_mcp6config7managerNtB4_13ConfigManager21is_hot_reload_enabled
FNDA:0,_RNvMs_NtNtCslEfzt21w4nZ_13rust_jira_mcp6config7managerNtB4_13ConfigManager24load_config_from_sources
FNDA:0,_RNvMs_NtNtCslEfzt21w4nZ_13rust_jira_mcp6config7managerNtB4_13ConfigManager31load_config_from_sources_static
FNDA:0,_RNvMs_NtNtCslEfzt21w4nZ_13rust_jira_mcp6config7managerNtB4_13ConfigManager3new
FNDA:0,_RNvXNtNtCslEfzt21w4nZ_13rust_jira_mcp6config7managerNtB2_13ConfigOptionsNtNtCs99E9PC2tmbt_4core7default7Default7default
FNDA:0,_RNCNvMs_NtNtCslEfzt21w4nZ_13rust_jira_mcp6config7managerNtB6_13ConfigManager10get_config0Ba_
FNDA:0,_RNCNvMs_NtNtCslEfzt21w4nZ_13rust_jira_mcp6config7managerNtB6_13ConfigManager17enable_hot_reload0Ba_
FNDA:0,_RNCNvMs_NtNtCslEfzt21w4nZ_13rust_jira_mcp6config7managerNtB6_13ConfigManager17enable_hot_reloads_0Ba_
FNDA:0,_RNCNvMs_NtNtCslEfzt21w4nZ_13rust_jira_mcp6config7managerNtB6_13ConfigManager17load_with_options0Ba_
FNDA:0,_RNCNvMs_NtNtCslEfzt21w4nZ_13rust_jira_mcp6config7managerNtB6_13ConfigManager18get_config_sources0Ba_
FNDA:0,_RNCNvMs_NtNtCslEfzt21w4nZ_13rust_jira_mcp6config7managerNtB6_13ConfigManager31load_config_from_sources_static0Ba_
FNDA:0,_RNCNvMs_NtNtCslEfzt21w4nZ_13rust_jira_mcp6config7managerNtB6_13ConfigManager31load_config_from_sources_statics0_0Ba_
FNDA:0,_RNCNvMs_NtNtCslEfzt21w4nZ_13rust_jira_mcp6config7managerNtB6_13ConfigManager31load_config_from_sources_statics_0Ba_
FNDA:0,_RNCNvMs_NtNtCsbRuuH6jbcRQ_13rust_jira_mcp6config7managerNtB6_13ConfigManager10get_config0Ba_
FNDA:0,_RNCNvMs_NtNtCsbRuuH6jbcRQ_13rust_jira_mcp6config7managerNtB6_13ConfigManager17enable_hot_reload0Ba_
FNDA:0,_RNCNvMs_NtNtCsbRuuH6jbcRQ_13rust_jira_mcp6config7managerNtB6_13ConfigManager17enable_hot_reloads_0Ba_
FNDA:0,_RNCNvMs_NtNtCsbRuuH6jbcRQ_13rust_jira_mcp6config7managerNtB6_13ConfigManager17load_with_options0Ba_
FNDA:0,_RNCNvMs_NtNtCsbRuuH6jbcRQ_13rust_jira_mcp6config7managerNtB6_13ConfigManager18get_config_sources0Ba_
FNDA:0,_RNCNvMs_NtNtCsbRuuH6jbcRQ_13rust_jira_mcp6config7managerNtB6_13ConfigManager31load_config_from_sources_static0Ba_
FNDA:0,_RNCNvMs_NtNtCsbRuuH6jbcRQ_13rust_jira_mcp6config7managerNtB6_13ConfigManager31load_config_from_sources_statics0_0Ba_
FNDA:0,_RNCNvMs_NtNtCsbRuuH6jbcRQ_13rust_jira_mcp6config7managerNtB6_13ConfigManager31load_config_from_sources_statics_0Ba_
FNDA:0,_RNvMs_NtNtCsbRuuH6jbcRQ_13rust_jira_mcp6config7managerNtB4_13ConfigManager10get_config
FNDA:0,_RNvMs_NtNtCsbRuuH6jbcRQ_13rust_jira_mcp6config7managerNtB4_13ConfigManager12is_valid_url
FNDA:0,_RNvMs_NtNtCsbRuuH6jbcRQ_13rust_jira_mcp6config7managerNtB4_13ConfigManager14is_valid_email
FNDA:0,_RNvMs_NtNtCsbRuuH6jbcRQ_13rust_jira_mcp6config7managerNtB4_13ConfigManager15validate_config
FNDA:0,_RNvMs_NtNtCsbRuuH6jbcRQ_13rust_jira_mcp6config7managerNtB4_13ConfigManager17enable_hot_reload
FNDA:0,_RNvMs_NtNtCsbRuuH6jbcRQ_13rust_jira_mcp6config7managerNtB4_13ConfigManager17load_with_options
FNDA:0,_RNvMs_NtNtCsbRuuH6jbcRQ_13rust_jira_mcp6config7managerNtB4_13ConfigManager18get_config_sources
FNDA:0,_RNvMs_NtNtCsbRuuH6jbcRQ_13rust_jira_mcp6config7managerNtB4_13ConfigManager21is_hot_reload_enabled
FNDA:0,_RNvMs_NtNtCsbRuuH6jbcRQ_13rust_jira_mcp6config7managerNtB4_13ConfigManager24load_config_from_sources
FNDA:0,_RNvMs_NtNtCsbRuuH6jbcRQ_13rust_jira_mcp6config7managerNtB4_13ConfigManager31load_config_from_sources_static
FNDA:0,_RNvMs_NtNtCsbRuuH6jbcRQ_13rust_jira_mcp6config7managerNtB4_13ConfigManager3new
FNDA:0,_RNvXNtNtCsbRuuH6jbcRQ_13rust_jira_mcp6config7managerNtB2_13ConfigOptionsNtNtCs99E9PC2tmbt_4core7default7Default7default
FNDA:0,_RNvXs0_NtNtCsbRuuH6jbcRQ_13rust_jira_mcp6config7managerNtB5_13ConfigManagerNtNtCs99E9PC2tmbt_4core7default7Default7default
FNDA:0,_RNCNvMs_NtNtCs6CcTQqNWjGP_13rust_jira_mcp6config7managerNtB6_13ConfigManager10get_config0Ba_
FNDA:0,_RNCNvMs_NtNtCs6CcTQqNWjGP_13rust_jira_mcp6config7managerNtB6_13ConfigManager17enable_hot_reload0Ba_
FNDA:0,_RNCNvMs_NtNtCs6CcTQqNWjGP_13rust_jira_mcp6config7managerNtB6_13ConfigManager17enable_hot_reloads_0Ba_
FNDA:0,_RNCNvMs_NtNtCs6CcTQqNWjGP_13rust_jira_mcp6config7managerNtB6_13ConfigManager17load_with_options0Ba_
FNDA:0,_RNCNvMs_NtNtCs6CcTQqNWjGP_13rust_jira_mcp6config7managerNtB6_13ConfigManager18get_config_sources0Ba_
FNDA:0,_RNCNvMs_NtNtCs6CcTQqNWjGP_13rust_jira_mcp6config7managerNtB6_13ConfigManager31load_config_from_sources_static0Ba_
FNDA:0,_RNCNvMs_NtNtCs6CcTQqNWjGP_13rust_jira_mcp6config7managerNtB6_13ConfigManager31load_config_from_sources_statics0_0Ba_
FNDA:0,_RNCNvMs_NtNtCs6CcTQqNWjGP_13rust_jira_mcp6config7managerNtB6_13ConfigManager31load_config_from_sources_statics_0Ba_
FNDA:0,_RNvMs_NtNtCs6CcTQqNWjGP_13rust_jira_mcp6config7managerNtB4_13ConfigManager10get_config
FNDA:0,_RNvMs_NtNtCs6CcTQqNWjGP_13rust_jira_mcp6config7managerNtB4_13ConfigManager12is_valid_url
FNDA:0,_RNvMs_NtNtCs6CcTQqNWjGP_13rust_jira_mcp6config7managerNtB4_13ConfigManager14is_valid_email
FNDA:0,_RNvMs_NtNtCs6CcTQqNWjGP_13rust_jira_mcp6config7managerNtB4_13ConfigManager15validate_config
FNDA:0,_RNvMs_NtNtCs6CcTQqNWjGP_13rust_jira_mcp6config7managerNtB4_13ConfigManager17enable_hot_reload
FNDA:0,_RNvMs_NtNtCs6CcTQqNWjGP_13rust_jira_mcp6config7managerNtB4_13ConfigManager17load_with_options
FNDA:0,_RNvMs_NtNtCs6CcTQqNWjGP_13rust_jira_mcp6config7managerNtB4_13ConfigManager18get_config_sources
FNDA:0,_RNvMs_NtNtCs6CcTQqNWjGP_13rust_jira_mcp6config7managerNtB4_13ConfigManager21is_hot_reload_enabled
FNDA:0,_RNvMs_NtNtCs6CcTQqNWjGP_13rust_jira_mcp6config7managerNtB4_13ConfigManager24load_config_from_sources
FNDA:0,_RNvMs_NtNtCs6CcTQqNWjGP_13rust_jira_mcp6config7managerNtB4_13ConfigManager31load_config_from_sources_static
FNDA:0,_RNvMs_NtNtCs6CcTQqNWjGP_13rust_jira_mcp6config7managerNtB4_13ConfigManager3new
FNDA:0,_RNvXNtNtCs6CcTQqNWjGP_13rust_jira_mcp6config7managerNtB2_13ConfigOptionsNtNtCs99E9PC2tmbt_4core7default7Default7default
FNDA:0,_RNvXs0_NtNtCs6CcTQqNWjGP_13rust_jira_mcp6config7managerNtB5_13ConfigManagerNtNtCs99E9PC2tmbt_4core7default7Default7default
FNF:21
FNH:17
DA:53,2
DA:54,2
DA:55,2
DA:56,2
DA:57,2
DA:58,2
DA:59,2
DA:60,2
DA:66,29
DA:67,29
DA:68,29
DA:69,29
DA:70,29
DA:71,29
DA:72,29
DA:83,19
DA:84,19
DA:85,13
DA:87,13
DA:88,1
DA:89,12
DA:91,13
DA:92,19
DA:95,13
DA:96,13
DA:97,13
DA:100,1
DA:101,1
DA:102,0
DA:103,1
DA:105,1
DA:106,1
DA:108,1
DA:109,0
DA:110,0
DA:111,0
DA:112,0
DA:113,0
DA:114,0
DA:115,0
DA:116,1
DA:117,0
DA:119,2
DA:120,1
DA:121,0
DA:122,0
DA:123,1
DA:126,1
DA:129,1
DA:130,0
DA:132,0
DA:135,0
DA:136,0
DA:137,0
DA:138,0
DA:139,0
DA:141,0
DA:143,1
DA:144,1
DA:147,19
DA:148,19
DA:149,19
DA:152,19
DA:154,19
DA:155,2
DA:156,17
DA:157,17
DA:158,17
DA:160,19
DA:161,19
DA:162,19
DA:163,19
DA:166,19
DA:167,4
DA:168,4
DA:169,4
DA:170,1
DA:171,1
DA:173,4
DA:174,4
DA:175,15
DA:178,24
DA:179,5
DA:180,3
DA:181,3
DA:182,3
DA:183,3
DA:185,3
DA:186,3
DA:187,3
DA:188,3
DA:190,2
DA:193,19
DA:195,19
DA:196,19
DA:197,19
DA:200,18
DA:201,9
DA:202,9
DA:205,13
DA:206,4
DA:207,4
DA:208,4
DA:209,4
DA:210,4
DA:212,9
DA:214,13
DA:215,19
DA:218,9
DA:219,9
DA:222,9
DA:223,0
DA:224,0
DA:225,0
DA:226,9
DA:227,0
DA:228,9
DA:230,9
DA:231,0
DA:232,0
DA:233,0
DA:234,9
DA:237,9
DA:238,0
DA:239,0
DA:240,0
DA:241,0
DA:242,9
DA:245,9
DA:246,6
DA:247,6
DA:248,6
DA:249,6
DA:250,6
DA:251,6
DA:252,6
DA:253,6
DA:254,3
DA:256,9
DA:257,6
DA:258,0
DA:259,0
DA:260,0
DA:261,0
DA:262,0
DA:263,0
DA:264,6
DA:265,3
DA:267,9
DA:268,5
DA:269,4
DA:271,4
DA:272,1
DA:273,3
DA:275,4
DA:276,9
DA:279,9
DA:280,9
DA:281,9
DA:282,9
DA:283,9
DA:284,9
DA:287,9
DA:288,9
DA:289,9
DA:293,12
DA:294,12
DA:297,12
DA:298,8
DA:299,8
DA:302,12
DA:303,4
DA:304,8
DA:305,8
DA:306,8
DA:309,12
DA:310,0
DA:311,0
DA:312,0
DA:313,0
DA:315,0
DA:318,12
DA:319,12
DA:323,7
DA:324,7
DA:325,7
DA:329,1
DA:330,1
DA:331,1
BRF:0
BRH:0
LF:196
LH:152
end_of_record
SF:/Users/garthdb/Projects/rust-jira-mcp/src/config/secrets.rs
FN:43,_RNCNvMNtNtCskhkPsqpzxNu_13rust_jira_mcp6config7secretsNtB4_11SecretValue7resolve0B8_
FN:154,_RNCNvMs_NtNtCskhkPsqpzxNu_13rust_jira_mcp6config7secretsNtB6_13SecretManager10get_secret0Ba_
FN:125,_RNCNvMs_NtNtCskhkPsqpzxNu_13rust_jira_mcp6config7secretsNtB6_13SecretManager13load_from_env0Ba_
FN:94,_RNCNvMs_NtNtCskhkPsqpzxNu_13rust_jira_mcp6config7secretsNtB6_13SecretManager14load_from_file0Ba_
FN:43,_RNCNvMNtNtCskhkPsqpzxNu_13rust_jira_mcp6config7secretsNtB4_11SecretValue7resolve0CsggV5czYlUcE_19config_secrets_test
FN:154,_RNCNvMs_NtNtCskhkPsqpzxNu_13rust_jira_mcp6config7secretsNtB6_13SecretManager10get_secret0CsggV5czYlUcE_19config_secrets_test
FN:125,_RNCNvMs_NtNtCskhkPsqpzxNu_13rust_jira_mcp6config7secretsNtB6_13SecretManager13load_from_env0CsggV5czYlUcE_19config_secrets_test
FN:43,_RNvMNtNtCskhkPsqpzxNu_13rust_jira_mcp6config7secretsNtB2_11SecretValue7resolve
FN:154,_RNvMs_NtNtCskhkPsqpzxNu_13rust_jira_mcp6config7secretsNtB4_13SecretManager10get_secret
FN:125,_RNvMs_NtNtCskhkPsqpzxNu_13rust_jira_mcp6config7secretsNtB4_13SecretManager13load_from_env
FN:94,_RNvMs_NtNtCskhkPsqpzxNu_13rust_jira_mcp6config7secretsNtB4_13SecretManager14load_from_file
FN:78,_RNvMs_NtNtCskhkPsqpzxNu_13rust_jira_mcp6config7secretsNtB4_13SecretManager3new
FN:165,_RNvXs0_NtNtCskhkPsqpzxNu_13rust_jira_mcp6config7secretsNtB5_13SecretManagerNtNtCs99E9PC2tmbt_4core7default7Default7default
FN:43,_RNCNvMNtNtCskhkPsqpzxNu_13rust_jira_mcp6config7secretsNtB4_11SecretValue7resolve0CsfFwibxTw3OB_18configuration_test
FN:154,_RNCNvMs_NtNtCskhkPsqpzxNu_13rust_jira_mcp6config7secretsNtB6_13SecretManager10get_secret0CsfFwibxTw3OB_18configuration_test
FN:125,_RNCNvMs_NtNtCskhkPsqpzxNu_13rust_jira_mcp6config7secretsNtB6_13SecretManager13load_from_env0CsfFwibxTw3OB_18configuration_test
FN:125,_RNCNvMs_NtNtCskhkPsqpzxNu_13rust_jira_mcp6config7secretsNtB6_13SecretManager13load_from_env0Cs7T63blKLSnz_21main_application_test
FN:94,_RNCNvMs_NtNtCskhkPsqpzxNu_13rust_jira_mcp6config7secretsNtB6_13SecretManager14load_from_file0Cs7T63blKLSnz_21main_application_test
FN:43,_RNCNvMNtNtCskhkPsqpzxNu_13rust_jira_mcp6config7secretsNtB4_11SecretValue7resolve0CskJEy2L8KvEw_21main_integration_test
FN:154,_RNCNvMs_NtNtCskhkPsqpzxNu_13rust_jira_mcp6config7secretsNtB6_13SecretManager10get_secret0CskJEy2L8KvEw_21main_integration_test
FN:125,_RNCNvMs_NtNtCskhkPsqpzxNu_13rust_jira_mcp6config7secretsNtB6_13SecretManager13load_from_env0CskJEy2L8KvEw_21main_integration_test
FN:94,_RNCNvMs_NtNtCskhkPsqpzxNu_13rust_jira_mcp6config7secretsNtB6_13SecretManager14load_from_file0CskJEy2L8KvEw_21main_integration_test
FN:43,_RNvMNtNtCslEfzt21w4nZ_13rust_jira_mcp6config7secretsNtB2_11SecretValue7resolve
FN:154,_RNvMs_NtNtCslEfzt21w4nZ_13rust_jira_mcp6config7secretsNtB4_13SecretManager10get_secret
FN:125,_RNvMs_NtNtCslEfzt21w4nZ_13rust_jira_mcp6config7secretsNtB4_13SecretManager13load_from_env
FN:94,_RNvMs_NtNtCslEfzt21w4nZ_13rust_jira_mcp6config7secretsNtB4_13SecretManager14load_from_file
FN:78,_RNvMs_NtNtCslEfzt21w4nZ_13rust_jira_mcp6config7secretsNtB4_13SecretManager3new
FN:165,_RNvXs0_NtNtCslEfzt21w4nZ_13rust_jira_mcp6config7secretsNtB5_13SecretManagerNtNtCs99E9PC2tmbt_4core7default7Default7default
FN:43,_RNCNvMNtNtCslEfzt21w4nZ_13rust_jira_mcp6config7secretsNtB4_11SecretValue7resolve0B8_
FN:154,_RNCNvMs_NtNtCslEfzt21w4nZ_13rust_jira_mcp6config7secretsNtB6_13SecretManager10get_secret0Ba_
FN:125,_RNCNvMs_NtNtCslEfzt21w4nZ_13rust_jira_mcp6config7secretsNtB6_13SecretManager13load_from_env0Ba_
FN:94,_RNCNvMs_NtNtCslEfzt21w4nZ_13rust_jira_mcp6config7secretsNtB6_13SecretManager14load_from_file0Ba_
FN:43,_RNCNvMNtNtCsbRuuH6jbcRQ_13rust_jira_mcp6config7secretsNtB4_11SecretValue7resolve0B8_
FN:154,_RNCNvMs_NtNtCsbRuuH6jbcRQ_13rust_jira_mcp6config7secretsNtB6_13SecretManager10get_secret0Ba_
FN:125,_RNCNvMs_NtNtCsbRuuH6jbcRQ_13rust_jira_mcp6config7secretsNtB6_13SecretManager13load_from_env0Ba_
FN:94,_RNCNvMs_NtNtCsbRuuH6jbcRQ_13rust_jira_mcp6config7secretsNtB6_13SecretManager14load_from_file0Ba_
FN:43,_RNvMNtNtCsbRuuH6jbcRQ_13rust_jira_mcp6config7secretsNtB2_11SecretValue7resolve
FN:154,_RNvMs_NtNtCsbRuuH6jbcRQ_13rust_jira_mcp6config7secretsNtB4_13SecretManager10get_secret
FN:125,_RNvMs_NtNtCsbRuuH6jbcRQ_13rust_jira_mcp6config7secretsNtB4_13SecretManager13load_from_env
FN:94,_RNvMs_NtNtCsbRuuH6jbcRQ_13rust_jira_mcp6config7secretsNtB4_13SecretManager14load_from_file
FN:78,_RNvMs_NtNtCsbRuuH6jbcRQ_13rust_jira_mcp6config7secretsNtB4_13SecretManager3new
FN:165,_RNvXs0_NtNtCsbRuuH6jbcRQ_13rust_jira_mcp6config7secretsNtB5_13SecretManagerNtNtCs99E9PC2tmbt_4core7default7Default7default
FN:43,_RNCNvMNtNtCs6CcTQqNWjGP_13rust_jira_mcp6config7secretsNtB4_11SecretValue7resolve0B8_
FN:154,_RNCNvMs_NtNtCs6CcTQqNWjGP_13rust_jira_mcp6config7secretsNtB6_13SecretManager10get_secret0Ba_
FN:125,_RNCNvMs_NtNtCs6CcTQqNWjGP_13rust_jira_mcp6config7secretsNtB6_13SecretManager13load_from_env0Ba_
FN:94,_RNCNvMs_NtNtCs6CcTQqNWjGP_13rust_jira_mcp6config7secretsNtB6_13SecretManager14load_from_file0Ba_
FN:43,_RNvMNtNtCs6CcTQqNWjGP_13rust_jira_mcp6config7secretsNtB2_11SecretValue7resolve
FN:154,_RNvMs_NtNtCs6CcTQqNWjGP_13rust_jira_mcp6config7secretsNtB4_13SecretManager10get_secret
FN:125,_RNvMs_NtNtCs6CcTQqNWjGP_13rust_jira_mcp6config7secretsNtB4_13SecretManager13load_from_env
FN:94,_RNvMs_NtNtCs6CcTQqNWjGP_13rust_jira_mcp6config7secretsNtB4_13SecretManager14load_from_file
FN:78,_RNvMs_NtNtCs6CcTQqNWjGP_13rust_jira_mcp6config7secretsNtB4_13SecretManager3new
FN:165,_RNvXs0_NtNtCs6CcTQqNWjGP_13rust_jira_mcp6config7secretsNtB5_13SecretManagerNtNtCs99E9PC2tmbt_4core7default7Default7default
FNDA:0,_RNCNvMNtNtCskhkPsqpzxNu_13rust_jira_mcp6config7secretsNtB4_11SecretValue7resolve0B8_
FNDA:0,_RNCNvMs_NtNtCskhkPsqpzxNu_13rust_jira_mcp6config7secretsNtB6_13SecretManager10get_secret0Ba_
FNDA:0,_RNCNvMs_NtNtCskhkPsqpzxNu_13rust_jira_mcp6config7secretsNtB6_13SecretManager13load_from_env0Ba_
FNDA:0,_RNCNvMs_NtNtCskhkPsqpzxNu_13rust_jira_mcp6config7secretsNtB6_13SecretManager14load_from_file0Ba_
FNDA:12,_RNCNvMNtNtCskhkPsqpzxNu_13rust_jira_mcp6config7secretsNtB4_11SecretValue7resolve0CsggV5czYlUcE_19config_secrets_test
FNDA:6,_RNCNvMs_NtNtCskhkPsqpzxNu_13rust_jira_mcp6config7secretsNtB6_13SecretManager10get_secret0CsggV5czYlUcE_19config_secrets_test
FNDA:2,_RNCNvMs_NtNtCskhkPsqpzxNu_13rust_jira_mcp6config7secretsNtB6_13SecretManager13load_from_env0CsggV5czYlUcE_19config_secrets_test
FNDA:16,_RNvMNtNtCskhkPsqpzxNu_13rust_jira_mcp6config7secretsNtB2_11SecretValue7resolve
FNDA:11,_RNvMs_NtNtCskhkPsqpzxNu_13rust_jira_mcp6config7secretsNtB4_13SecretManager10get_secret
FNDA:7,_RNvMs_NtNtCskhkPsqpzxNu_13rust_jira_mcp6config7secretsNtB4_13SecretManager13load_from_env
FNDA:1,_RNvMs_NtNtCskhkPsqpzxNu_13rust_jira_mcp6config7secretsNtB4_13SecretManager14load_from_file
FNDA:13,_RNvMs_NtNtCskhkPsqpzxNu_13rust_jira_mcp6config7secretsNtB4_13SecretManager3new
FNDA:1,_RNvXs0_NtNtCskhkPsqpzxNu_13rust_jira_mcp6config7secretsNtB5_13SecretManagerNtNtCs99E9PC2tmbt_4core7default7Default7default
FNDA:0,_RNCNvMNtNtCskhkPsqpzxNu_13rust_jira_mcp6config7secretsNtB4_11SecretValue7resolve0CsfFwibxTw3OB_18configuration_test
FNDA:1,_RNCNvMs_NtNtCskhkPsqpzxNu_13rust_jira_mcp6config7secretsNtB6_13SecretManager10get_secret0CsfFwibxTw3OB_18configuration_test
FNDA:1,_RNCNvMs_NtNtCskhkPsqpzxNu_13rust_jira_mcp6config7secretsNtB6_13SecretManager13load_from_env0CsfFwibxTw3OB_18configuration_test
FNDA:2,_RNCNvMs_NtNtCskhkPsqpzxNu_13rust_jira_mcp6config7secretsNtB6_13SecretManager13load_from_env0Cs7T63blKLSnz_21main_application_test
FNDA:0,_RNCNvMs_NtNtCskhkPsqpzxNu_13rust_jira_mcp6config7secretsNtB6_13SecretManager14load_from_file0Cs7T63blKLSnz_21main_application_test
FNDA:4,_RNCNvMNtNtCskhkPsqpzxNu_13rust_jira_mcp6config7secretsNtB4_11SecretValue7resolve0CskJEy2L8KvEw_21main_integration_test
FNDA:4,_RNCNvMs_NtNtCskhkPsqpzxNu_13rust_jira_mcp6config7secretsNtB6_13SecretManager10get_secret0CskJEy2L8KvEw_21main_integration_test
FNDA:2,_RNCNvMs_NtNtCskhkPsqpzxNu_13rust_jira_mcp6config7secretsNtB6_13SecretManager13load_from_env0CskJEy2L8KvEw_21main_integration_test
FNDA:1,_RNCNvMs_NtNtCskhkPsqpzxNu_13rust_jira_mcp6config7secretsNtB6_13SecretManager14load_from_file0CskJEy2L8KvEw_21main_integration_test
FNDA:0,_RNvMNtNtCslEfzt21w4nZ_13rust_jira_mcp6config7secretsNtB2_11SecretValue7resolve
FNDA:0,_RNvMs_NtNtCslEfzt21w4nZ_13rust_jira_mcp6config7secretsNtB4_13SecretManager10get_secret
FNDA:0,_RNvMs_NtNtCslEfzt21w4nZ_13rust_jira_mcp6config7secretsNtB4_13SecretManager13load_from_env
FNDA:0,_RNvMs_NtNtCslEfzt21w4nZ_13rust_jira_mcp6config7secretsNtB4_13SecretManager14load_from_file
FNDA:0,_RNvMs_NtNtCslEfzt21w4nZ_13rust_jira_mcp6config7secretsNtB4_13SecretManager3new
FNDA:0,_RNvXs0_NtNtCslEfzt21w4nZ_13rust_jira_mcp6config7secretsNtB5_13SecretManagerNtNtCs99E9PC2tmbt_4core7default7Default7default
FNDA:0,_RNCNvMNtNtCslEfzt21w4nZ_13rust_jira_mcp6config7secretsNtB4_11SecretValue7resolve0B8_
FNDA:0,_RNCNvMs_NtNtCslEfzt21w4nZ_13rust_jira_mcp6config7secretsNtB6_13SecretManager10get_secret0Ba_
FNDA:0,_RNCNvMs_NtNtCslEfzt21w4nZ_13rust_jira_mcp6config7secretsNtB6_13SecretManager13load_from_env0Ba_
FNDA:0,_RNCNvMs_NtNtCslEfzt21w4nZ_13rust_jira_mcp6config7secretsNtB6_13SecretManager14load_from_file0Ba_
FNDA:0,_RNCNvMNtNtCsbRuuH6jbcRQ_13rust_jira_mcp6config7secretsNtB4_11SecretValue7resolve0B8_
FNDA:0,_RNCNvMs_NtNtCsbRuuH6jbcRQ_13rust_jira_mcp6config7secretsNtB6_13SecretManager10get_secret0Ba_
FNDA:0,_RNCNvMs_NtNtCsbRuuH6jbcRQ_13rust_jira_mcp6config7secretsNtB6_13SecretManager13load_from_env0Ba_
FNDA:0,_RNCNvMs_NtNtCsbRuuH6jbcRQ_13rust_jira_mcp6config7secretsNtB6_13SecretManager14load_from_file0Ba_
FNDA:0,_RNvMNtNtCsbRuuH6jbcRQ_13rust_jira_mcp6config7secretsNtB2_11SecretValue7resolve
FNDA:0,_RNvMs_NtNtCsbRuuH6jbcRQ_13rust_jira_mcp6config7secretsNtB4_13SecretManager10get_secret
FNDA:0,_RNvMs_NtNtCsbRuuH6jbcRQ_13rust_jira_mcp6config7secretsNtB4_13SecretManager13load_from_env
FNDA:0,_RNvMs_NtNtCsbRuuH6jbcRQ_13rust_jira_mcp6config7secretsNtB4_13SecretManager14load_from_file
FNDA:0,_RNvMs_NtNtCsbRuuH6jbcRQ_13rust_jira_mcp6config7secretsNtB4_13SecretManager3new
FNDA:0,_RNvXs0_NtNtCsbRuuH6jbcRQ_13rust_jira_mcp6config7secretsNtB5_13SecretManagerNtNtCs99E9PC2tmbt_4core7default7Default7default
FNDA:0,_RNCNvMNtNtCs6CcTQqNWjGP_13rust_jira_mcp6config7secretsNtB4_11SecretValue7resolve0B8_
FNDA:0,_RNCNvMs_NtNtCs6CcTQqNWjGP_13rust_jira_mcp6config7secretsNtB6_13SecretManager10get_secret0Ba_
FNDA:0,_RNCNvMs_NtNtCs6CcTQqNWjGP_13rust_jira_mcp6config7secretsNtB6_13SecretManager13load_from_env0Ba_
FNDA:0,_RNCNvMs_NtNtCs6CcTQqNWjGP_13rust_jira_mcp6config7secretsNtB6_13SecretManager14load_from_file0Ba_
FNDA:0,_RNvMNtNtCs6CcTQqNWjGP_13rust_jira_mcp6config7secretsNtB2_11SecretValue7resolve
FNDA:0,_RNvMs_NtNtCs6CcTQqNWjGP_13rust_jira_mcp6config7secretsNtB4_13SecretManager10get_secret
FNDA:0,_RNvMs_NtNtCs6CcTQqNWjGP_13rust_jira_mcp6config7secretsNtB4_13SecretManager13load_from_env
FNDA:0,_RNvMs_NtNtCs6CcTQqNWjGP_13rust_jira_mcp6config7secretsNtB4_13SecretManager14load_from_file
FNDA:0,_RNvMs_NtNtCs6CcTQqNWjGP_13rust_jira_mcp6config7secretsNtB4_13SecretManager3new
FNDA:0,_RNvXs0_NtNtCs6CcTQqNWjGP_13rust_jira_mcp6config7secretsNtB5_13SecretManagerNtNtCs99E9PC2tmbt_4core7default7Default7default
FNF:10
FNH:10
DA:43,16
DA:44,16
DA:45,7
DA:46,3
DA:47,3
DA:48,3
DA:49,3
DA:50,2
DA:52,3
DA:53,3
DA:54,2
DA:55,2
DA:56,2
DA:58,1
DA:61,1
DA:64,16
DA:78,13
DA:79,13
DA:80,13
DA:81,13
DA:82,13
DA:83,13
DA:84,13
DA:94,1
DA:95,1
DA:96,1
DA:97,1
DA:99,1
DA:100,1
DA:102,1
DA:103,1
DA:105,1
DA:106,4
DA:107,3
DA:108,3
DA:110,1
DA:111,1
DA:125,7
DA:126,7
DA:128,580
DA:129,580
DA:130,11
DA:131,11
DA:132,1
DA:133,10
DA:134,1
DA:135,9
DA:136,1
DA:138,8
DA:140,11
DA:141,569
DA:144,7
DA:145,7
DA:154,11
DA:155,11
DA:156,11
DA:157,8
DA:159,3
DA:161,11
DA:165,1
DA:166,1
DA:167,1
BRF:0
BRH:0
LF:66
LH:66
end_of_record
SF:/Users/garthdb/Projects/rust-jira-mcp/src/config/validation.rs
FN:134,_RNvMs1_NtNtCskhkPsqpzxNu_13rust_jira_mcp6config10validationNtB5_14ValidationRule10min_length
FN:114,_RNvMs1_NtNtCskhkPsqpzxNu_13rust_jira_mcp6config10validationNtB5_14ValidationRule3new
FN:128,_RNvMs1_NtNtCskhkPsqpzxNu_13rust_jira_mcp6config10validationNtB5_14ValidationRule8required
FN:185,_RNvMs2_NtNtCskhkPsqpzxNu_13rust_jira_mcp6config10validationNtB5_15ConfigValidator14validate_field
FN:259,_RNvMs2_NtNtCskhkPsqpzxNu_13rust_jira_mcp6config10validationNtB5_15ConfigValidator15matches_pattern
FN:156,_RNvMs2_NtNtCskhkPsqpzxNu_13rust_jira_mcp6config10validationNtB5_15ConfigValidator3new
FN:161,_RNvMs2_NtNtCskhkPsqpzxNu_13rust_jira_mcp6config10validationNtB5_15ConfigValidator8add_rule
FN:176,_RNvMs2_NtNtCskhkPsqpzxNu_13rust_jira_mcp6config10validationNtB5_15ConfigValidator8validate
FN:33,_RNvXNtNtCskhkPsqpzxNu_13rust_jira_mcp6config10validationNtB2_21ConfigValidationErrorNtNtCs99E9PC2tmbt_4core3fmt7Display3fmt
FN:98,_RNvXs0_NtNtCskhkPsqpzxNu_13rust_jira_mcp6config10validationNtB5_14ValidationRuleNtNtCs99E9PC2tmbt_4core3fmt5Debug3fmt
FN:271,_RNvXs3_NtNtCskhkPsqpzxNu_13rust_jira_mcp6config10validationNtB5_15ConfigValidatorNtNtCs99E9PC2tmbt_4core7default7Default7default
FN:140,_RINvMs1_NtNtCskhkPsqpzxNu_13rust_jira_mcp6config10validationNtB6_14ValidationRule16custom_validatorNCNvMs_NtB8_4jiraNtB1G_10JiraConfig8validate0EBa_
FN:140,_RINvMs1_NtNtCskhkPsqpzxNu_13rust_jira_mcp6config10validationNtB6_14ValidationRule16custom_validatorNCNvMs_NtB8_4jiraNtB1G_10JiraConfig8validates_0EBa_
FN:98,_RNvXs0_NtNtCslEfzt21w4nZ_13rust_jira_mcp6config10validationNtB5_14ValidationRuleNtNtCs99E9PC2tmbt_4core3fmt5Debug3fmt
FN:271,_RNvXs3_NtNtCslEfzt21w4nZ_13rust_jira_mcp6config10validationNtB5_15ConfigValidatorNtNtCs99E9PC2tmbt_4core7default7Default7default
FN:140,_RINvMs1_NtNtCslEfzt21w4nZ_13rust_jira_mcp6config10validationNtB6_14ValidationRule16custom_validatorNCNvMs_NtB8_4jiraNtB1G_10JiraConfig8validate0EBa_
FN:140,_RINvMs1_NtNtCslEfzt21w4nZ_13rust_jira_mcp6config10validationNtB6_14ValidationRule16custom_validatorNCNvMs_NtB8_4jiraNtB1G_10JiraConfig8validates_0EBa_
FN:134,_RNvMs1_NtNtCslEfzt21w4nZ_13rust_jira_mcp6config10validationNtB5_14ValidationRule10min_length
FN:114,_RNvMs1_NtNtCslEfzt21w4nZ_13rust_jira_mcp6config10validationNtB5_14ValidationRule3new
FN:128,_RNvMs1_NtNtCslEfzt21w4nZ_13rust_jira_mcp6config10validationNtB5_14ValidationRule8required
FN:185,_RNvMs2_NtNtCslEfzt21w4nZ_13rust_jira_mcp6config10validationNtB5_15ConfigValidator14validate_field
FN:259,_RNvMs2_NtNtCslEfzt21w4nZ_13rust_jira_mcp6config10validationNtB5_15ConfigValidator15matches_pattern
FN:156,_RNvMs2_NtNtCslEfzt21w4nZ_13rust_jira_mcp6config10validationNtB5_15ConfigValidator3new
FN:161,_RNvMs2_NtNtCslEfzt21w4nZ_13rust_jira_mcp6config10validationNtB5_15ConfigValidator8add_rule
FN:176,_RNvMs2_NtNtCslEfzt21w4nZ_13rust_jira_mcp6config10validationNtB5_15ConfigValidator8validate
FN:33,_RNvXNtNtCslEfzt21w4nZ_13rust_jira_mcp6config10validationNtB2_21ConfigValidationErrorNtNtCs99E9PC2tmbt_4core3fmt7Display3fmt
FN:140,_RINvMs1_NtNtCsbRuuH6jbcRQ_13rust_jira_mcp6config10validationNtB6_14ValidationRule16custom_validatorpEBa_
FN:134,_RNvMs1_NtNtCsbRuuH6jbcRQ_13rust_jira_mcp6config10validationNtB5_14ValidationRule10min_length
FN:114,_RNvMs1_NtNtCsbRuuH6jbcRQ_13rust_jira_mcp6config10validationNtB5_14ValidationRule3new
FN:128,_RNvMs1_NtNtCsbRuuH6jbcRQ_13rust_jira_mcp6config10validationNtB5_14ValidationRule8required
FN:185,_RNvMs2_NtNtCsbRuuH6jbcRQ_13rust_jira_mcp6config10validationNtB5_15ConfigValidator14validate_field
FN:259,_RNvMs2_NtNtCsbRuuH6jbcRQ_13rust_jira_mcp6config10validationNtB5_15ConfigValidator15matches_pattern
FN:156,_RNvMs2_NtNtCsbRuuH6jbcRQ_13rust_jira_mcp6config10validationNtB5_15ConfigValidator3new
FN:161,_RNvMs2_NtNtCsbRuuH6jbcRQ_13rust_jira_mcp6config10validationNtB5_15ConfigValidator8add_rule
FN:176,_RNvMs2_NtNtCsbRuuH6jbcRQ_13rust_jira_mcp6config10validationNtB5_15ConfigValidator8validate
FN:33,_RNvXNtNtCsbRuuH6jbcRQ_13rust_jira_mcp6config10validationNtB2_21ConfigValidationErrorNtNtCs99E9PC2tmbt_4core3fmt7Display3fmt
FN:98,_RNvXs0_NtNtCsbRuuH6jbcRQ_13rust_jira_mcp6config10validationNtB5_14ValidationRuleNtNtCs99E9PC2tmbt_4core3fmt5Debug3fmt
FN:271,_RNvXs3_NtNtCsbRuuH6jbcRQ_13rust_jira_mcp6config10validationNtB5_15ConfigValidatorNtNtCs99E9PC2tmbt_4core7default7Default7default
FN:140,_RINvMs1_NtNtCs6CcTQqNWjGP_13rust_jira_mcp6config10validationNtB6_14ValidationRule16custom_validatorpEBa_
FN:134,_RNvMs1_NtNtCs6CcTQqNWjGP_13rust_jira_mcp6config10validationNtB5_14ValidationRule10min_length
FN:114,_RNvMs1_NtNtCs6CcTQqNWjGP_13rust_jira_mcp6config10validationNtB5_14ValidationRule3new
FN:128,_RNvMs1_NtNtCs6CcTQqNWjGP_13rust_jira_mcp6config10validationNtB5_14ValidationRule8required
FN:185,_RNvMs2_NtNtCs6CcTQqNWjGP_13rust_jira_mcp6config10validationNtB5_15ConfigValidator14validate_field
FN:259,_RNvMs2_NtNtCs6CcTQqNWjGP_13rust_jira_mcp6config10validationNtB5_15ConfigValidator15matches_pattern
FN:156,_RNvMs2_NtNtCs6CcTQqNWjGP_13rust_jira_mcp6config10validationNtB5_15ConfigValidator3new
FN:161,_RNvMs2_NtNtCs6CcTQqNWjGP_13rust_jira_mcp6config10validationNtB5_15ConfigValidator8add_rule
FN:176,_RNvMs2_NtNtCs6CcTQqNWjGP_13rust_jira_mcp6config10validationNtB5_15ConfigValidator8validate
FN:33,_RNvXNtNtCs6CcTQqNWjGP_13rust_jira_mcp6config10validationNtB2_21ConfigValidationErrorNtNtCs99E9PC2tmbt_4core3fmt7Display3fmt
FN:98,_RNvXs0_NtNtCs6CcTQqNWjGP_13rust_jira_mcp6config10validationNtB5_14ValidationRuleNtNtCs99E9PC2tmbt_4core3fmt5Debug3fmt
FN:271,_RNvXs3_NtNtCs6CcTQqNWjGP_13rust_jira_mcp6config10validationNtB5_15ConfigValidatorNtNtCs99E9PC2tmbt_4core7default7Default7default
FN:140,_RINvMs1_NtNtCskhkPsqpzxNu_13rust_jira_mcp6config10validationNtB6_14ValidationRule16custom_validatorNCNvCs79dAt4ahqWT_15validation_tests_20test_matches_pattern0EB1D_
FN:140,_RINvMs1_NtNtCskhkPsqpzxNu_13rust_jira_mcp6config10validationNtB6_14ValidationRule16custom_validatorNCNvCs79dAt4ahqWT_15validation_tests_20test_matches_patterns_0EB1D_
FN:140,_RINvMs1_NtNtCskhkPsqpzxNu_13rust_jira_mcp6config10validationNtB6_14ValidationRule16custom_validatorNCNvCs79dAt4ahqWT_15validation_tests_26test_validation_rule_debug0EB1D_
FN:140,_RINvMs1_NtNtCskhkPsqpzxNu_13rust_jira_mcp6config10validationNtB6_14ValidationRule16custom_validatorNCNvCs79dAt4ahqWT_15validation_tests_36test_validation_rule_builder_pattern0EB1D_
FN:140,_RINvMs1_NtNtCskhkPsqpzxNu_13rust_jira_mcp6config10validationNtB6_14ValidationRule16custom_validatorNCNvCs79dAt4ahqWT_15validation_tests_37test_validation_rule_custom_validator0EB1D_
FN:140,_RINvMs1_NtNtCskhkPsqpzxNu_13rust_jira_mcp6config10validationNtB6_14ValidationRule16custom_validatorNCNvCs79dAt4ahqWT_15validation_tests_38test_config_validator_validate_pattern0EB1D_
FN:140,_RINvMs1_NtNtCskhkPsqpzxNu_13rust_jira_mcp6config10validationNtB6_14ValidationRule16custom_validatorNCNvCs79dAt4ahqWT_15validation_tests_41test_config_validator_validate_max_length0EB1D_
FN:140,_RINvMs1_NtNtCskhkPsqpzxNu_13rust_jira_mcp6config10validationNtB6_14ValidationRule16custom_validatorNCNvCs79dAt4ahqWT_15validation_tests_44test_config_validator_validate_numeric_range0EB1D_
FN:140,_RINvMs1_NtNtCskhkPsqpzxNu_13rust_jira_mcp6config10validationNtB6_14ValidationRule16custom_validatorNCNvCs79dAt4ahqWT_15validation_tests_47test_config_validator_validate_custom_validator0EB1D_
FNDA:27,_RNvMs1_NtNtCskhkPsqpzxNu_13rust_jira_mcp6config10validationNtB5_14ValidationRule10min_length
FNDA:80,_RNvMs1_NtNtCskhkPsqpzxNu_13rust_jira_mcp6config10validationNtB5_14ValidationRule3new
FNDA:68,_RNvMs1_NtNtCskhkPsqpzxNu_13rust_jira_mcp6config10validationNtB5_14ValidationRule8required
FNDA:71,_RNvMs2_NtNtCskhkPsqpzxNu_13rust_jira_mcp6config10validationNtB5_15ConfigValidator14validate_field
FNDA:0,_RNvMs2_NtNtCskhkPsqpzxNu_13rust_jira_mcp6config10validationNtB5_15ConfigValidator15matches_pattern
FNDA:36,_RNvMs2_NtNtCskhkPsqpzxNu_13rust_jira_mcp6config10validationNtB5_15ConfigValidator3new
FNDA:73,_RNvMs2_NtNtCskhkPsqpzxNu_13rust_jira_mcp6config10validationNtB5_15ConfigValidator8add_rule
FNDA:72,_RNvMs2_NtNtCskhkPsqpzxNu_13rust_jira_mcp6config10validationNtB5_15ConfigValidator8validate
FNDA:16,_RNvXNtNtCskhkPsqpzxNu_13rust_jira_mcp6config10validationNtB2_21ConfigValidationErrorNtNtCs99E9PC2tmbt_4core3fmt7Display3fmt
FNDA:1,_RNvXs0_NtNtCskhkPsqpzxNu_13rust_jira_mcp6config10validationNtB5_14ValidationRuleNtNtCs99E9PC2tmbt_4core3fmt5Debug3fmt
FNDA:1,_RNvXs3_NtNtCskhkPsqpzxNu_13rust_jira_mcp6config10validationNtB5_15ConfigValidatorNtNtCs99E9PC2tmbt_4core7default7Default7default
FNDA:19,_RINvMs1_NtNtCskhkPsqpzxNu_13rust_jira_mcp6config10validationNtB6_14ValidationRule16custom_validatorNCNvMs_NtB8_4jiraNtB1G_10JiraConfig8validate0EBa_
FNDA:19,_RINvMs1_NtNtCskhkPsqpzxNu_13rust_jira_mcp6config10validationNtB6_14ValidationRule16custom_validatorNCNvMs_NtB8_4jiraNtB1G_10JiraConfig8validates_0EBa_
FNDA:0,_RNvXs0_NtNtCslEfzt21w4nZ_13rust_jira_mcp6config10validationNtB5_14ValidationRuleNtNtCs99E9PC2tmbt_4core3fmt5Debug3fmt
FNDA:0,_RNvXs3_NtNtCslEfzt21w4nZ_13rust_jira_mcp6config10validationNtB5_15ConfigValidatorNtNtCs99E9PC2tmbt_4core7default7Default7default
FNDA:0,_RINvMs1_NtNtCslEfzt21w4nZ_13rust_jira_mcp6config10validationNtB6_14ValidationRule16custom_validatorNCNvMs_NtB8_4jiraNtB1G_10JiraConfig8validate0EBa_
FNDA:0,_RINvMs1_NtNtCslEfzt21w4nZ_13rust_jira_mcp6config10validationNtB6_14ValidationRule16custom_validatorNCNvMs_NtB8_4jiraNtB1G_10JiraConfig8validates_0EBa_
FNDA:0,_RNvMs1_NtNtCslEfzt21w4nZ_13rust_jira_mcp6config10validationNtB5_14ValidationRule10min_length
FNDA:0,_RNvMs1_NtNtCslEfzt21w4nZ_13rust_jira_mcp6config10validationNtB5_14ValidationRule3new
FNDA:0,_RNvMs1_NtNtCslEfzt21w4nZ_13rust_jira_mcp6config10validationNtB5_14ValidationRule8required
FNDA:0,_RNvMs2_NtNtCslEfzt21w4nZ_13rust_jira_mcp6config10validationNtB5_15ConfigValidator14validate_field
FNDA:0,_RNvMs2_NtNtCslEfzt21w4nZ_13rust_jira_mcp6config10validationNtB5_15ConfigValidator15matches_pattern
FNDA:0,_RNvMs2_NtNtCslEfzt21w4nZ_13rust_jira_mcp6config10validationNtB5_15ConfigValidator3new
FNDA:0,_RNvMs2_NtNtCslEfzt21w4nZ_13rust_jira_mcp6config10validationNtB5_15ConfigValidator8add_rule
FNDA:0,_RNvMs2_NtNtCslEfzt21w4nZ_13rust_jira_mcp6config10validationNtB5_15ConfigValidator8validate
FNDA:0,_RNvXNtNtCslEfzt21w4nZ_13rust_jira_mcp6config10validationNtB2_21ConfigValidationErrorNtNtCs99E9PC2tmbt_4core3fmt7Display3fmt
FNDA:0,_RINvMs1_NtNtCsbRuuH6jbcRQ_13rust_jira_mcp6config10validationNtB6_14ValidationRule16custom_validatorpEBa_
FNDA:0,_RNvMs1_NtNtCsbRuuH6jbcRQ_13rust_jira_mcp6config10validationNtB5_14ValidationRule10min_length
FNDA:0,_RNvMs1_NtNtCsbRuuH6jbcRQ_13rust_jira_mcp6config10validationNtB5_14ValidationRule3new
FNDA:0,_RNvMs1_NtNtCsbRuuH6jbcRQ_13rust_jira_mcp6config10validationNtB5_14ValidationRule8required
FNDA:0,_RNvMs2_NtNtCsbRuuH6jbcRQ_13rust_jira_mcp6config10validationNtB5_15ConfigValidator14validate_field
FNDA:0,_RNvMs2_NtNtCsbRuuH6jbcRQ_13rust_jira_mcp6config10validationNtB5_15ConfigValidator15matches_pattern
FNDA:0,_RNvMs2_NtNtCsbRuuH6jbcRQ_13rust_jira_mcp6config10validationNtB5_15ConfigValidator3new
FNDA:0,_RNvMs2_NtNtCsbRuuH6jbcRQ_13rust_jira_mcp6config10validationNtB5_15ConfigValidator8add_rule
FNDA:0,_RNvMs2_NtNtCsbRuuH6jbcRQ_13rust_jira_mcp6config10validationNtB5_15ConfigValidator8validate
FNDA:0,_RNvXNtNtCsbRuuH6jbcRQ_13rust_jira_mcp6config10validationNtB2_21ConfigValidationErrorNtNtCs99E9PC2tmbt_4core3fmt7Display3fmt
FNDA:0,_RNvXs0_NtNtCsbRuuH6jbcRQ_13rust_jira_mcp6config10validationNtB5_14ValidationRuleNtNtCs99E9PC2tmbt_4core3fmt5Debug3fmt
FNDA:0,_RNvXs3_NtNtCsbRuuH6jbcRQ_13rust_jira_mcp6config10validationNtB5_15ConfigValidatorNtNtCs99E9PC2tmbt_4core7default7Default7default
FNDA:0,_RINvMs1_NtNtCs6CcTQqNWjGP_13rust_jira_mcp6config10validationNtB6_14ValidationRule16custom_validatorpEBa_
FNDA:0,_RNvMs1_NtNtCs6CcTQqNWjGP_13rust_jira_mcp6config10validationNtB5_14ValidationRule10min_length
FNDA:0,_RNvMs1_NtNtCs6CcTQqNWjGP_13rust_jira_mcp6config10validationNtB5_14ValidationRule3new
FNDA:0,_RNvMs1_NtNtCs6CcTQqNWjGP_13rust_jira_mcp6config10validationNtB5_14ValidationRule8required
FNDA:0,_RNvMs2_NtNtCs6CcTQqNWjGP_13rust_jira_mcp6config10validationNtB5_15ConfigValidator14validate_field
FNDA:0,_RNvMs2_NtNtCs6CcTQqNWjGP_13rust_jira_mcp6config10validationNtB5_15ConfigValidator15matches_pattern
FNDA:0,_RNvMs2_NtNtCs6CcTQqNWjGP_13rust_jira_mcp6config10validationNtB5_15ConfigValidator3new
FNDA:0,_RNvMs2_NtNtCs6CcTQqNWjGP_13rust_jira_mcp6config10validationNtB5_15ConfigValidator8add_rule
FNDA:0,_RNvMs2_NtNtCs6CcTQqNWjGP_13rust_jira_mcp6config10validationNtB5_15ConfigValidator8validate
FNDA:0,_RNvXNtNtCs6CcTQqNWjGP_13rust_jira_mcp6config10validationNtB2_21ConfigValidationErrorNtNtCs99E9PC2tmbt_4core3fmt7Display3fmt
FNDA:0,_RNvXs0_NtNtCs6CcTQqNWjGP_13rust_jira_mcp6config10validationNtB5_14ValidationRuleNtNtCs99E9PC2tmbt_4core3fmt5Debug3fmt
FNDA:0,_RNvXs3_NtNtCs6CcTQqNWjGP_13rust_jira_mcp6config10validationNtB5_15ConfigValidatorNtNtCs99E9PC2tmbt_4core7default7Default7default
FNDA:1,_RINvMs1_NtNtCskhkPsqpzxNu_13rust_jira_mcp6config10validationNtB6_14ValidationRule16custom_validatorNCNvCs79dAt4ahqWT_15validation_tests_20test_matches_pattern0EB1D_
FNDA:1,_RINvMs1_NtNtCskhkPsqpzxNu_13rust_jira_mcp6config10validationNtB6_14ValidationRule16custom_validatorNCNvCs79dAt4ahqWT_15validation_tests_20test_matches_patterns_0EB1D_
FNDA:1,_RINvMs1_NtNtCskhkPsqpzxNu_13rust_jira_mcp6config10validationNtB6_14ValidationRule16custom_validatorNCNvCs79dAt4ahqWT_15validation_tests_26test_validation_rule_debug0EB1D_
FNDA:1,_RINvMs1_NtNtCskhkPsqpzxNu_13rust_jira_mcp6config10validationNtB6_14ValidationRule16custom_validatorNCNvCs79dAt4ahqWT_15validation_tests_36test_validation_rule_builder_pattern0EB1D_
FNDA:1,_RINvMs1_NtNtCskhkPsqpzxNu_13rust_jira_mcp6config10validationNtB6_14ValidationRule16custom_validatorNCNvCs79dAt4ahqWT_15validation_tests_37test_validation_rule_custom_validator0EB1D_
FNDA:1,_RINvMs1_NtNtCskhkPsqpzxNu_13rust_jira_mcp6config10validationNtB6_14ValidationRule16custom_validatorNCNvCs79dAt4ahqWT_15validation_tests_38test_config_validator_validate_pattern0EB1D_
FNDA:1,_RINvMs1_NtNtCskhkPsqpzxNu_13rust_jira_mcp6config10validationNtB6_14ValidationRule16custom_validatorNCNvCs79dAt4ahqWT_15validation_tests_41test_config_validator_validate_max_length0EB1D_
FNDA:1,_RINvMs1_NtNtCskhkPsqpzxNu_13rust_jira_mcp6config10validationNtB6_14ValidationRule16custom_validatorNCNvCs79dAt4ahqWT_15validation_tests_44test_config_validator_validate_numeric_range0EB1D_
FNDA:1,_RINvMs1_NtNtCskhkPsqpzxNu_13rust_jira_mcp6config10validationNtB6_14ValidationRule16custom_validatorNCNvCs79dAt4ahqWT_15validation_tests_47test_config_validator_validate_custom_validator0EB1D_
FNF:12
FNH:11
DA:33,16
DA:34,16
DA:35,3
DA:36,3
DA:38,2
DA:39,2
DA:41,1
DA:42,1
DA:44,2
DA:45,2
DA:46,2
DA:47,2
DA:50,1
DA:51,1
DA:53,1
DA:54,1
DA:56,1
DA:57,1
DA:59,1
DA:60,1
DA:61,1
DA:62,1
DA:63,1
DA:64,0
DA:65,3
DA:66,2
DA:68,1
DA:70,1
DA:71,1
DA:73,3
DA:74,3
DA:75,3
DA:76,3
DA:80,16
DA:98,1
DA:99,1
DA:100,1
DA:101,1
DA:102,1
DA:103,1
DA:104,1
DA:105,1
DA:106,1
DA:107,1
DA:108,1
DA:109,1
DA:114,80
DA:115,80
DA:116,80
DA:117,80
DA:118,80
DA:119,80
DA:120,80
DA:121,80
DA:122,80
DA:123,80
DA:124,80
DA:125,80
DA:128,68
DA:129,68
DA:130,68
DA:131,68
DA:134,27
DA:135,27
DA:136,27
DA:137,27
DA:140,47
DA:141,47
DA:142,47
DA:144,47
DA:145,47
DA:146,47
DA:156,36
DA:157,36
DA:158,36
DA:161,73
DA:162,73
DA:163,73
DA:164,73
DA:176,72
DA:177,107
DA:178,106
DA:179,71
DA:180,35
DA:182,1
DA:183,72
DA:185,71
DA:187,71
DA:188,6
DA:189,6
DA:190,6
DA:191,65
DA:194,65
DA:195,2
DA:196,63
DA:199,63
DA:200,19
DA:201,5
DA:202,5
DA:203,5
DA:204,5
DA:205,5
DA:206,5
DA:207,14
DA:208,44
DA:211,58
DA:212,0
DA:213,0
DA:214,0
DA:215,0
DA:216,0
DA:217,0
DA:218,0
DA:219,0
DA:220,58
DA:223,58
DA:224,0
DA:225,0
DA:226,0
DA:227,0
DA:228,0
DA:229,0
DA:230,0
DA:231,0
DA:232,0
DA:233,0
DA:234,58
DA:237,58
DA:238,0
DA:239,0
DA:240,0
DA:241,0
DA:242,0
DA:243,0
DA:244,58
DA:247,58
DA:248,43
DA:249,18
DA:250,18
DA:251,18
DA:252,18
DA:253,25
DA:254,15
DA:256,40
DA:257,71
DA:259,0
DA:261,0
DA:262,0
DA:263,0
DA:264,0
DA:265,0
DA:267,0
DA:271,1
DA:272,1
DA:273,1
BRF:0
BRH:0
LF:155
LH:123
end_of_record
SF:/Users/garthdb/Projects/rust-jira-mcp/src/error/jira.rs
FN:65,_RNCNvMNtNtCskhkPsqpzxNu_13rust_jira_mcp5error4jiraNtB4_9JiraError18from_jira_response0B8_
FN:72,_RNCNvMNtNtCskhkPsqpzxNu_13rust_jira_mcp5error4jiraNtB4_9JiraError18from_jira_responses0_0B8_
FN:74,_RNCNvMNtNtCskhkPsqpzxNu_13rust_jira_mcp5error4jiraNtB4_9JiraError18from_jira_responses1_0B8_
FN:68,_RNCNvMNtNtCskhkPsqpzxNu_13rust_jira_mcp5error4jiraNtB4_9JiraError18from_jira_responses_0B8_
FN:107,_RNvMNtNtCskhkPsqpzxNu_13rust_jira_mcp5error4jiraNtB2_9JiraError10auth_error
FN:115,_RNvMNtNtCskhkPsqpzxNu_13rust_jira_mcp5error4jiraNtB2_9JiraError12config_error
FN:123,_RNvMNtNtCskhkPsqpzxNu_13rust_jira_mcp5error4jiraNtB2_9JiraError13unknown_error
FN:98,_RNvMNtNtCskhkPsqpzxNu_13rust_jira_mcp5error4jiraNtB2_9JiraError16validation_error
FN:63,_RNvMNtNtCskhkPsqpzxNu_13rust_jira_mcp5error4jiraNtB2_9JiraError18from_jira_response
FN:89,_RNvMNtNtCskhkPsqpzxNu_13rust_jira_mcp5error4jiraNtB2_9JiraError9api_error
FN:65,_RNCNvMNtNtCslEfzt21w4nZ_13rust_jira_mcp5error4jiraNtB4_9JiraError18from_jira_response0B8_
FN:72,_RNCNvMNtNtCslEfzt21w4nZ_13rust_jira_mcp5error4jiraNtB4_9JiraError18from_jira_responses0_0B8_
FN:74,_RNCNvMNtNtCslEfzt21w4nZ_13rust_jira_mcp5error4jiraNtB4_9JiraError18from_jira_responses1_0B8_
FN:68,_RNCNvMNtNtCslEfzt21w4nZ_13rust_jira_mcp5error4jiraNtB4_9JiraError18from_jira_responses_0B8_
FN:107,_RNvMNtNtCslEfzt21w4nZ_13rust_jira_mcp5error4jiraNtB2_9JiraError10auth_error
FN:115,_RNvMNtNtCslEfzt21w4nZ_13rust_jira_mcp5error4jiraNtB2_9JiraError12config_error
FN:123,_RNvMNtNtCslEfzt21w4nZ_13rust_jira_mcp5error4jiraNtB2_9JiraError13unknown_error
FN:98,_RNvMNtNtCslEfzt21w4nZ_13rust_jira_mcp5error4jiraNtB2_9JiraError16validation_error
FN:63,_RNvMNtNtCslEfzt21w4nZ_13rust_jira_mcp5error4jiraNtB2_9JiraError18from_jira_response
FN:89,_RNvMNtNtCslEfzt21w4nZ_13rust_jira_mcp5error4jiraNtB2_9JiraError9api_error
FN:65,_RNCNvMNtNtCsbRuuH6jbcRQ_13rust_jira_mcp5error4jiraNtB4_9JiraError18from_jira_response0B8_
FN:72,_RNCNvMNtNtCsbRuuH6jbcRQ_13rust_jira_mcp5error4jiraNtB4_9JiraError18from_jira_responses0_0B8_
FN:74,_RNCNvMNtNtCsbRuuH6jbcRQ_13rust_jira_mcp5error4jiraNtB4_9JiraError18from_jira_responses1_0B8_
FN:68,_RNCNvMNtNtCsbRuuH6jbcRQ_13rust_jira_mcp5error4jiraNtB4_9JiraError18from_jira_responses_0B8_
FN:107,_RNvMNtNtCsbRuuH6jbcRQ_13rust_jira_mcp5error4jiraNtB2_9JiraError10auth_error
FN:115,_RNvMNtNtCsbRuuH6jbcRQ_13rust_jira_mcp5error4jiraNtB2_9JiraError12config_error
FN:123,_RNvMNtNtCsbRuuH6jbcRQ_13rust_jira_mcp5error4jiraNtB2_9JiraError13unknown_error
FN:98,_RNvMNtNtCsbRuuH6jbcRQ_13rust_jira_mcp5error4jiraNtB2_9JiraError16validation_error
FN:63,_RNvMNtNtCsbRuuH6jbcRQ_13rust_jira_mcp5error4jiraNtB2_9JiraError18from_jira_response
FN:89,_RNvMNtNtCsbRuuH6jbcRQ_13rust_jira_mcp5error4jiraNtB2_9JiraError9api_error
FN:65,_RNCNvMNtNtCs6CcTQqNWjGP_13rust_jira_mcp5error4jiraNtB4_9JiraError18from_jira_response0B8_
FN:72,_RNCNvMNtNtCs6CcTQqNWjGP_13rust_jira_mcp5error4jiraNtB4_9JiraError18from_jira_responses0_0B8_
FN:74,_RNCNvMNtNtCs6CcTQqNWjGP_13rust_jira_mcp5error4jiraNtB4_9JiraError18from_jira_responses1_0B8_
FN:68,_RNCNvMNtNtCs6CcTQqNWjGP_13rust_jira_mcp5error4jiraNtB4_9JiraError18from_jira_responses_0B8_
FN:107,_RNvMNtNtCs6CcTQqNWjGP_13rust_jira_mcp5error4jiraNtB2_9JiraError10auth_error
FN:115,_RNvMNtNtCs6CcTQqNWjGP_13rust_jira_mcp5error4jiraNtB2_9JiraError12config_error
FN:123,_RNvMNtNtCs6CcTQqNWjGP_13rust_jira_mcp5error4jiraNtB2_9JiraError13unknown_error
FN:98,_RNvMNtNtCs6CcTQqNWjGP_13rust_jira_mcp5error4jiraNtB2_9JiraError16validation_error
FN:63,_RNvMNtNtCs6CcTQqNWjGP_13rust_jira_mcp5error4jiraNtB2_9JiraError18from_jira_response
FN:89,_RNvMNtNtCs6CcTQqNWjGP_13rust_jira_mcp5error4jiraNtB2_9JiraError9api_error
FNDA:4,_RNCNvMNtNtCskhkPsqpzxNu_13rust_jira_mcp5error4jiraNtB4_9JiraError18from_jira_response0B8_
FNDA:1,_RNCNvMNtNtCskhkPsqpzxNu_13rust_jira_mcp5error4jiraNtB4_9JiraError18from_jira_responses0_0B8_
FNDA:2,_RNCNvMNtNtCskhkPsqpzxNu_13rust_jira_mcp5error4jiraNtB4_9JiraError18from_jira_responses1_0B8_
FNDA:7,_RNCNvMNtNtCskhkPsqpzxNu_13rust_jira_mcp5error4jiraNtB4_9JiraError18from_jira_responses_0B8_
FNDA:1,_RNvMNtNtCskhkPsqpzxNu_13rust_jira_mcp5error4jiraNtB2_9JiraError10auth_error
FNDA:1,_RNvMNtNtCskhkPsqpzxNu_13rust_jira_mcp5error4jiraNtB2_9JiraError12config_error
FNDA:3,_RNvMNtNtCskhkPsqpzxNu_13rust_jira_mcp5error4jiraNtB2_9JiraError13unknown_error
FNDA:1,_RNvMNtNtCskhkPsqpzxNu_13rust_jira_mcp5error4jiraNtB2_9JiraError16validation_error
FNDA:16,_RNvMNtNtCskhkPsqpzxNu_13rust_jira_mcp5error4jiraNtB2_9JiraError18from_jira_response
FNDA:54,_RNvMNtNtCskhkPsqpzxNu_13rust_jira_mcp5error4jiraNtB2_9JiraError9api_error
FNDA:0,_RNCNvMNtNtCslEfzt21w4nZ_13rust_jira_mcp5error4jiraNtB4_9JiraError18from_jira_response0B8_
FNDA:0,_RNCNvMNtNtCslEfzt21w4nZ_13rust_jira_mcp5error4jiraNtB4_9JiraError18from_jira_responses0_0B8_
FNDA:0,_RNCNvMNtNtCslEfzt21w4nZ_13rust_jira_mcp5error4jiraNtB4_9JiraError18from_jira_responses1_0B8_
FNDA:0,_RNCNvMNtNtCslEfzt21w4nZ_13rust_jira_mcp5error4jiraNtB4_9JiraError18from_jira_responses_0B8_
FNDA:0,_RNvMNtNtCslEfzt21w4nZ_13rust_jira_mcp5error4jiraNtB2_9JiraError10auth_error
FNDA:0,_RNvMNtNtCslEfzt21w4nZ_13rust_jira_mcp5error4jiraNtB2_9JiraError12config_error
FNDA:0,_RNvMNtNtCslEfzt21w4nZ_13rust_jira_mcp5error4jiraNtB2_9JiraError13unknown_error
FNDA:0,_RNvMNtNtCslEfzt21w4nZ_13rust_jira_mcp5error4jiraNtB2_9JiraError16validation_error
FNDA:0,_RNvMNtNtCslEfzt21w4nZ_13rust_jira_mcp5error4jiraNtB2_9JiraError18from_jira_response
FNDA:0,_RNvMNtNtCslEfzt21w4nZ_13rust_jira_mcp5error4jiraNtB2_9JiraError9api_error
FNDA:0,_RNCNvMNtNtCsbRuuH6jbcRQ_13rust_jira_mcp5error4jiraNtB4_9JiraError18from_jira_response0B8_
FNDA:0,_RNCNvMNtNtCsbRuuH6jbcRQ_13rust_jira_mcp5error4jiraNtB4_9JiraError18from_jira_responses0_0B8_
FNDA:0,_RNCNvMNtNtCsbRuuH6jbcRQ_13rust_jira_mcp5error4jiraNtB4_9JiraError18from_jira_responses1_0B8_
FNDA:0,_RNCNvMNtNtCsbRuuH6jbcRQ_13rust_jira_mcp5error4jiraNtB4_9JiraError18from_jira_responses_0B8_
FNDA:0,_RNvMNtNtCsbRuuH6jbcRQ_13rust_jira_mcp5error4jiraNtB2_9JiraError10auth_error
FNDA:0,_RNvMNtNtCsbRuuH6jbcRQ_13rust_jira_mcp5error4jiraNtB2_9JiraError12config_error
FNDA:0,_RNvMNtNtCsbRuuH6jbcRQ_13rust_jira_mcp5error4jiraNtB2_9JiraError13unknown_error
FNDA:0,_RNvMNtNtCsbRuuH6jbcRQ_13rust_jira_mcp5error4jiraNtB2_9JiraError16validation_error
FNDA:0,_RNvMNtNtCsbRuuH6jbcRQ_13rust_jira_mcp5error4jiraNtB2_9JiraError18from_jira_response
FNDA:0,_RNvMNtNtCsbRuuH6jbcRQ_13rust_jira_mcp5error4jiraNtB2_9JiraError9api_error
FNDA:0,_RNCNvMNtNtCs6CcTQqNWjGP_13rust_jira_mcp5error4jiraNtB4_9JiraError18from_jira_response0B8_
FNDA:0,_RNCNvMNtNtCs6CcTQqNWjGP_13rust_jira_mcp5error4jiraNtB4_9JiraError18from_jira_responses0_0B8_
FNDA:0,_RNCNvMNtNtCs6CcTQqNWjGP_13rust_jira_mcp5error4jiraNtB4_9JiraError18from_jira_responses1_0B8_
FNDA:0,_RNCNvMNtNtCs6CcTQqNWjGP_13rust_jira_mcp5error4jiraNtB4_9JiraError18from_jira_responses_0B8_
FNDA:0,_RNvMNtNtCs6CcTQqNWjGP_13rust_jira_mcp5error4jiraNtB2_9JiraError10auth_error
FNDA:0,_RNvMNtNtCs6CcTQqNWjGP_13rust_jira_mcp5error4jiraNtB2_9JiraError12config_error
FNDA:0,_RNvMNtNtCs6CcTQqNWjGP_13rust_jira_mcp5error4jiraNtB2_9JiraError13unknown_error
FNDA:0,_RNvMNtNtCs6CcTQqNWjGP_13rust_jira_mcp5error4jiraNtB2_9JiraError16validation_error
FNDA:0,_RNvMNtNtCs6CcTQqNWjGP_13rust_jira_mcp5error4jiraNtB2_9JiraError18from_jira_response
FNDA:0,_RNvMNtNtCs6CcTQqNWjGP_13rust_jira_mcp5error4jiraNtB2_9JiraError9api_error
FNF:10
FNH:10
DA:63,16
DA:64,16
DA:65,16
DA:66,4
DA:67,4
DA:68,7
DA:69,4
DA:70,4
DA:71,4
DA:72,12
DA:73,1
DA:74,2
DA:75,1
DA:76,1
DA:78,11
DA:81,16
DA:82,16
DA:83,16
DA:84,16
DA:85,16
DA:89,54
DA:90,54
DA:91,54
DA:92,54
DA:93,54
DA:94,54
DA:98,1
DA:99,1
DA:100,1
DA:101,1
DA:102,1
DA:103,1
DA:107,1
DA:108,1
DA:109,1
DA:110,1
DA:111,1
DA:115,1
DA:116,1
DA:117,1
DA:118,1
DA:119,1
DA:123,3
DA:124,3
DA:125,3
DA:126,3
DA:127,3
BRF:0
BRH:0
LF:51
LH:51
end_of_record
SF:/Users/garthdb/Projects/rust-jira-mcp/src/jira/client.rs
FN:635,_RNCNCNvMs_NtNtCskhkPsqpzxNu_13rust_jira_mcp4jira6clientNtB8_10JiraClient11link_issues00Bc_
FN:623,_RNCNvMs_NtNtCskhkPsqpzxNu_13rust_jira_mcp4jira6clientNtB6_10JiraClient11link_issues0Ba_
FN:1369,_RINvMs_NtNtCskhkPsqpzxNu_13rust_jira_mcp4jira6clientNtB5_10JiraClient10zephyr_getNtNtCslJRJgdvPEaJ_10serde_json5value5ValueEB9_
FN:1369,_RINvMs_NtNtCskhkPsqpzxNu_13rust_jira_mcp4jira6clientNtB5_10JiraClient10zephyr_getNtNtNtB9_5types4jira26ZephyrTestCaseSearchResultEB9_
FN:1396,_RINvMs_NtNtCskhkPsqpzxNu_13rust_jira_mcp4jira6clientNtB5_10JiraClient10zephyr_putNtNtNtB9_5types4jira14ZephyrTestStepNtB1j_27ZephyrTestStepUpdateRequestEB9_
FN:1382,_RINvMs_NtNtCskhkPsqpzxNu_13rust_jira_mcp4jira6clientNtB5_10JiraClient11zephyr_postNtNtNtB9_5types4jira14ZephyrTestCaseNtB1k_27ZephyrTestCaseCreateRequestEB9_
FN:1382,_RINvMs_NtNtCskhkPsqpzxNu_13rust_jira_mcp4jira6clientNtB5_10JiraClient11zephyr_postNtNtNtB9_5types4jira14ZephyrTestStepNtB1k_27ZephyrTestStepCreateRequestEB9_
FN:1382,_RINvMs_NtNtCskhkPsqpzxNu_13rust_jira_mcp4jira6clientNtB5_10JiraClient11zephyr_postNtNtNtB9_5types4jira19ZephyrTestExecutionNtB1k_32ZephyrTestExecutionCreateRequestEB9_
FN:257,_RINvMs_NtNtCskhkPsqpzxNu_13rust_jira_mcp4jira6clientNtB5_10JiraClient13build_requestNtNtCslJRJgdvPEaJ_10serde_json5value5ValueEB9_
FN:257,_RINvMs_NtNtCskhkPsqpzxNu_13rust_jira_mcp4jira6clientNtB5_10JiraClient13build_requestNtNtNtB9_5types4jira22JiraLabelCreateRequestEB9_
FN:257,_RINvMs_NtNtCskhkPsqpzxNu_13rust_jira_mcp4jira6clientNtB5_10JiraClient13build_requestNtNtNtB9_5types4jira22JiraLabelUpdateRequestEB9_
FN:257,_RINvMs_NtNtCskhkPsqpzxNu_13rust_jira_mcp4jira6clientNtB5_10JiraClient13build_requestNtNtNtB9_5types4jira24JiraWorkLogCreateRequestEB9_
FN:257,_RINvMs_NtNtCskhkPsqpzxNu_13rust_jira_mcp4jira6clientNtB5_10JiraClient13build_requestNtNtNtB9_5types4jira24JiraWorkLogUpdateRequestEB9_
FN:257,_RINvMs_NtNtCskhkPsqpzxNu_13rust_jira_mcp4jira6clientNtB5_10JiraClient13build_requestNtNtNtB9_5types4jira26JiraComponentCreateRequestEB9_
FN:257,_RINvMs_NtNtCskhkPsqpzxNu_13rust_jira_mcp4jira6clientNtB5_10JiraClient13build_requestNtNtNtB9_5types4jira26JiraComponentUpdateRequestEB9_
FN:257,_RINvMs_NtNtCskhkPsqpzxNu_13rust_jira_mcp4jira6clientNtB5_10JiraClient13build_requestNtNtNtB9_5types4jira26JiraIssueLinkCreateRequestEB9_
FN:257,_RINvMs_NtNtCskhkPsqpzxNu_13rust_jira_mcp4jira6clientNtB5_10JiraClient13build_requestuEB9_
FN:1409,_RINvMs_NtNtCskhkPsqpzxNu_13rust_jira_mcp4jira6clientNtB5_10JiraClient13zephyr_deleteNtNtCslJRJgdvPEaJ_10serde_json5value5ValueEB9_
FN:1422,_RINvMs_NtNtCskhkPsqpzxNu_13rust_jira_mcp4jira6clientNtB5_10JiraClient14zephyr_requestNtNtCslJRJgdvPEaJ_10serde_json5value5ValueuEB9_
FN:1422,_RINvMs_NtNtCskhkPsqpzxNu_13rust_jira_mcp4jira6clientNtB5_10JiraClient14zephyr_requestNtNtNtB9_5types4jira14ZephyrTestCaseNtB1n_27ZephyrTestCaseCreateRequestEB9_
FN:1422,_RINvMs_NtNtCskhkPsqpzxNu_13rust_jira_mcp4jira6clientNtB5_10JiraClient14zephyr_requestNtNtNtB9_5types4jira14ZephyrTestStepNtB1n_27ZephyrTestStepCreateRequestEB9_
FN:1422,_RINvMs_NtNtCskhkPsqpzxNu_13rust_jira_mcp4jira6clientNtB5_10JiraClient14zephyr_requestNtNtNtB9_5types4jira14ZephyrTestStepNtB1n_27ZephyrTestStepUpdateRequestEB9_
FN:1422,_RINvMs_NtNtCskhkPsqpzxNu_13rust_jira_mcp4jira6clientNtB5_10JiraClient14zephyr_requestNtNtNtB9_5types4jira19ZephyrTestExecutionNtB1n_32ZephyrTestExecutionCreateRequestEB9_
FN:1422,_RINvMs_NtNtCskhkPsqpzxNu_13rust_jira_mcp4jira6clientNtB5_10JiraClient14zephyr_requestNtNtNtB9_5types4jira26ZephyrTestCaseSearchResultuEB9_
FN:1520,_RINvMs_NtNtCskhkPsqpzxNu_13rust_jira_mcp4jira6clientNtB5_10JiraClient20build_zephyr_requestNtNtNtB9_5types4jira27ZephyrTestCaseCreateRequestEB9_
FN:1520,_RINvMs_NtNtCskhkPsqpzxNu_13rust_jira_mcp4jira6clientNtB5_10JiraClient20build_zephyr_requestNtNtNtB9_5types4jira27ZephyrTestStepCreateRequestEB9_
FN:1520,_RINvMs_NtNtCskhkPsqpzxNu_13rust_jira_mcp4jira6clientNtB5_10JiraClient20build_zephyr_requestNtNtNtB9_5types4jira27ZephyrTestStepUpdateRequestEB9_
FN:1520,_RINvMs_NtNtCskhkPsqpzxNu_13rust_jira_mcp4jira6clientNtB5_10JiraClient20build_zephyr_requestNtNtNtB9_5types4jira32ZephyrTestExecutionCreateRequestEB9_
FN:1520,_RINvMs_NtNtCskhkPsqpzxNu_13rust_jira_mcp4jira6clientNtB5_10JiraClient20build_zephyr_requestuEB9_
FN:110,_RINvMs_NtNtCskhkPsqpzxNu_13rust_jira_mcp4jira6clientNtB5_10JiraClient3getINtNtCsiAD6NEzHbBo_5alloc3vec3VecNtNtNtB9_5types4jira10JiraStatusEEB9_
FN:110,_RINvMs_NtNtCskhkPsqpzxNu_13rust_jira_mcp4jira6clientNtB5_10JiraClient3getINtNtCsiAD6NEzHbBo_5alloc3vec3VecNtNtNtB9_5types4jira12JiraLinkTypeEEB9_
FN:110,_RINvMs_NtNtCskhkPsqpzxNu_13rust_jira_mcp4jira6clientNtB5_10JiraClient3getINtNtCsiAD6NEzHbBo_5alloc3vec3VecNtNtNtB9_5types4jira12JiraPriorityEEB9_
FN:110,_RINvMs_NtNtCskhkPsqpzxNu_13rust_jira_mcp4jira6clientNtB5_10JiraClient3getINtNtCsiAD6NEzHbBo_5alloc3vec3VecNtNtNtB9_5types4jira13JiraComponentEEB9_
FN:110,_RINvMs_NtNtCskhkPsqpzxNu_13rust_jira_mcp4jira6clientNtB5_10JiraClient3getNtNtCslJRJgdvPEaJ_10serde_json5value5ValueEB9_
FN:110,_RINvMs_NtNtCskhkPsqpzxNu_13rust_jira_mcp4jira6clientNtB5_10JiraClient3getNtNtNtB9_5types4jira13JiraIssueTypeEB9_
FN:110,_RINvMs_NtNtCskhkPsqpzxNu_13rust_jira_mcp4jira6clientNtB5_10JiraClient3getNtNtNtB9_5types4jira16JiraSearchResultEB9_
FN:110,_RINvMs_NtNtCskhkPsqpzxNu_13rust_jira_mcp4jira6clientNtB5_10JiraClient3getNtNtNtB9_5types4jira20JiraWatchersResponseEB9_
FN:110,_RINvMs_NtNtCskhkPsqpzxNu_13rust_jira_mcp4jira6clientNtB5_10JiraClient3getNtNtNtB9_5types4jira9JiraIssueEB9_
FN:135,_RINvMs_NtNtCskhkPsqpzxNu_13rust_jira_mcp4jira6clientNtB5_10JiraClient3putNtNtCslJRJgdvPEaJ_10serde_json5value5ValueB19_EB9_
FN:135,_RINvMs_NtNtCskhkPsqpzxNu_13rust_jira_mcp4jira6clientNtB5_10JiraClient3putNtNtNtB9_5types4jira11JiraWorkLogNtB1b_24JiraWorkLogUpdateRequestEB9_
FN:135,_RINvMs_NtNtCskhkPsqpzxNu_13rust_jira_mcp4jira6clientNtB5_10JiraClient3putNtNtNtB9_5types4jira13JiraComponentNtB1b_26JiraComponentUpdateRequestEB9_
FN:135,_RINvMs_NtNtCskhkPsqpzxNu_13rust_jira_mcp4jira6clientNtB5_10JiraClient3putNtNtNtB9_5types4jira9JiraLabelNtB1b_22JiraLabelUpdateRequestEB9_
FN:122,_RINvMs_NtNtCskhkPsqpzxNu_13rust_jira_mcp4jira6clientNtB5_10JiraClient4postNtNtCslJRJgdvPEaJ_10serde_json5value5ValueB1a_EB9_
FN:122,_RINvMs_NtNtCskhkPsqpzxNu_13rust_jira_mcp4jira6clientNtB5_10JiraClient4postNtNtCslJRJgdvPEaJ_10serde_json5value5ValueNtNtNtB9_5types4jira26JiraIssueLinkCreateRequestEB9_
FN:122,_RINvMs_NtNtCskhkPsqpzxNu_13rust_jira_mcp4jira6clientNtB5_10JiraClient4postNtNtNtB9_5types4jira11JiraCommentNtNtCslJRJgdvPEaJ_10serde_json5value5ValueEB9_
FN:122,_RINvMs_NtNtCskhkPsqpzxNu_13rust_jira_mcp4jira6clientNtB5_10JiraClient4postNtNtNtB9_5types4jira11JiraWorkLogNtB1c_24JiraWorkLogCreateRequestEB9_
FN:122,_RINvMs_NtNtCskhkPsqpzxNu_13rust_jira_mcp4jira6clientNtB5_10JiraClient4postNtNtNtB9_5types4jira13JiraComponentNtB1c_26JiraComponentCreateRequestEB9_
FN:122,_RINvMs_NtNtCskhkPsqpzxNu_13rust_jira_mcp4jira6clientNtB5_10JiraClient4postNtNtNtB9_5types4jira9JiraIssueNtNtCslJRJgdvPEaJ_10serde_json5value5ValueEB9_
FN:122,_RINvMs_NtNtCskhkPsqpzxNu_13rust_jira_mcp4jira6clientNtB5_10JiraClient4postNtNtNtB9_5types4jira9JiraLabelNtB1c_22JiraLabelCreateRequestEB9_
FN:148,_RINvMs_NtNtCskhkPsqpzxNu_13rust_jira_mcp4jira6clientNtB5_10JiraClient6deleteNtNtCslJRJgdvPEaJ_10serde_json5value5ValueEB9_
FN:160,_RINvMs_NtNtCskhkPsqpzxNu_13rust_jira_mcp4jira6clientNtB5_10JiraClient7requestINtNtCsiAD6NEzHbBo_5alloc3vec3VecNtNtNtB9_5types4jira10JiraStatusEuEB9_
FN:160,_RINvMs_NtNtCskhkPsqpzxNu_13rust_jira_mcp4jira6clientNtB5_10JiraClient7requestINtNtCsiAD6NEzHbBo_5alloc3vec3VecNtNtNtB9_5types4jira12JiraLinkTypeEuEB9_
FN:160,_RINvMs_NtNtCskhkPsqpzxNu_13rust_jira_mcp4jira6clientNtB5_10JiraClient7requestINtNtCsiAD6NEzHbBo_5alloc3vec3VecNtNtNtB9_5types4jira12JiraPriorityEuEB9_
FN:160,_RINvMs_NtNtCskhkPsqpzxNu_13rust_jira_mcp4jira6clientNtB5_10JiraClient7requestINtNtCsiAD6NEzHbBo_5alloc3vec3VecNtNtNtB9_5types4jira13JiraComponentEuEB9_
FN:160,_RINvMs_NtNtCskhkPsqpzxNu_13rust_jira_mcp4jira6clientNtB5_10JiraClient7requestNtNtCslJRJgdvPEaJ_10serde_json5value5ValueB1d_EB9_
FN:160,_RINvMs_NtNtCskhkPsqpzxNu_13rust_jira_mcp4jira6clientNtB5_10JiraClient7requestNtNtCslJRJgdvPEaJ_10serde_json5value5ValueNtNtNtB9_5types4jira26JiraIssueLinkCreateRequestEB9_
FN:160,_RINvMs_NtNtCskhkPsqpzxNu_13rust_jira_mcp4jira6clientNtB5_10JiraClient7requestNtNtCslJRJgdvPEaJ_10serde_json5value5ValueuEB9_
FN:160,_RINvMs_NtNtCskhkPsqpzxNu_13rust_jira_mcp4jira6clientNtB5_10JiraClient7requestNtNtNtB9_5types4jira11JiraCommentNtNtCslJRJgdvPEaJ_10serde_json5value5ValueEB9_
FN:160,_RINvMs_NtNtCskhkPsqpzxNu_13rust_jira_mcp4jira6clientNtB5_10JiraClient7requestNtNtNtB9_5types4jira11JiraWorkLogNtB1f_24JiraWorkLogCreateRequestEB9_
FN:160,_RINvMs_NtNtCskhkPsqpzxNu_13rust_jira_mcp4jira6clientNtB5_10JiraClient7requestNtNtNtB9_5types4jira11JiraWorkLogNtB1f_24JiraWorkLogUpdateRequestEB9_
FN:160,_RINvMs_NtNtCskhkPsqpzxNu_13rust_jira_mcp4jira6clientNtB5_10JiraClient7requestNtNtNtB9_5types4jira13JiraComponentNtB1f_26JiraComponentCreateRequestEB9_
FN:160,_RINvMs_NtNtCskhkPsqpzxNu_13rust_jira_mcp4jira6clientNtB5_10JiraClient7requestNtNtNtB9_5types4jira13JiraComponentNtB1f_26JiraComponentUpdateRequestEB9_
FN:160,_RINvMs_NtNtCskhkPsqpzxNu_13rust_jira_mcp4jira6clientNtB5_10JiraClient7requestNtNtNtB9_5types4jira13JiraIssueTypeuEB9_
FN:160,_RINvMs_NtNtCskhkPsqpzxNu_13rust_jira_mcp4jira6clientNtB5_10JiraClient7requestNtNtNtB9_5types4jira16JiraSearchResultuEB9_
FN:160,_RINvMs_NtNtCskhkPsqpzxNu_13rust_jira_mcp4jira6clientNtB5_10JiraClient7requestNtNtNtB9_5types4jira20JiraWatchersResponseuEB9_
FN:160,_RINvMs_NtNtCskhkPsqpzxNu_13rust_jira_mcp4jira6clientNtB5_10JiraClient7requestNtNtNtB9_5types4jira9JiraIssueNtNtCslJRJgdvPEaJ_10serde_json5value5ValueEB9_
FN:160,_RINvMs_NtNtCskhkPsqpzxNu_13rust_jira_mcp4jira6clientNtB5_10JiraClient7requestNtNtNtB9_5types4jira9JiraIssueuEB9_
FN:160,_RINvMs_NtNtCskhkPsqpzxNu_13rust_jira_mcp4jira6clientNtB5_10JiraClient7requestNtNtNtB9_5types4jira9JiraLabelNtB1f_22JiraLabelCreateRequestEB9_
FN:160,_RINvMs_NtNtCskhkPsqpzxNu_13rust_jira_mcp4jira6clientNtB5_10JiraClient7requestNtNtNtB9_5types4jira9JiraLabelNtB1f_22JiraLabelUpdateRequestEB9_
FN:1372,_RNCINvMs_NtNtCskhkPsqpzxNu_13rust_jira_mcp4jira6clientNtB7_10JiraClient10zephyr_getNtNtCslJRJgdvPEaJ_10serde_json5value5ValueE0Bb_
FN:1372,_RNCINvMs_NtNtCskhkPsqpzxNu_13rust_jira_mcp4jira6clientNtB7_10JiraClient10zephyr_getNtNtNtBb_5types4jira26ZephyrTestCaseSearchResultE0Bb_
FN:1400,_RNCINvMs_NtNtCskhkPsqpzxNu_13rust_jira_mcp4jira6clientNtB7_10JiraClient10zephyr_putNtNtNtBb_5types4jira14ZephyrTestStepNtB1l_27ZephyrTestStepUpdateRequestE0Bb_
FN:1386,_RNCINvMs_NtNtCskhkPsqpzxNu_13rust_jira_mcp4jira6clientNtB7_10JiraClient11zephyr_postNtNtNtBb_5types4jira14ZephyrTestCaseNtB1m_27ZephyrTestCaseCreateRequestE0Bb_
FN:1386,_RNCINvMs_NtNtCskhkPsqpzxNu_13rust_jira_mcp4jira6clientNtB7_10JiraClient11zephyr_postNtNtNtBb_5types4jira14ZephyrTestStepNtB1m_27ZephyrTestStepCreateRequestE0Bb_
FN:1386,_RNCINvMs_NtNtCskhkPsqpzxNu_13rust_jira_mcp4jira6clientNtB7_10JiraClient11zephyr_postNtNtNtBb_5types4jira19ZephyrTestExecutionNtB1m_32ZephyrTestExecutionCreateRequestE0Bb_
FN:1412,_RNCINvMs_NtNtCskhkPsqpzxNu_13rust_jira_mcp4jira6clientNtB7_10JiraClient13zephyr_deleteNtNtCslJRJgdvPEaJ_10serde_json5value5ValueE0Bb_
FN:1431,_RNCINvMs_NtNtCskhkPsqpzxNu_13rust_jira_mcp4jira6clientNtB7_10JiraClient14zephyr_requestNtNtCslJRJgdvPEaJ_10serde_json5value5ValueuE0Bb_
FN:1431,_RNCINvMs_NtNtCskhkPsqpzxNu_13rust_jira_mcp4jira6clientNtB7_10JiraClient14zephyr_requestNtNtNtBb_5types4jira14ZephyrTestCaseNtB1p_27ZephyrTestCaseCreateRequestE0Bb_
FN:1431,_RNCINvMs_NtNtCskhkPsqpzxNu_13rust_jira_mcp4jira6clientNtB7_10JiraClient14zephyr_requestNtNtNtBb_5types4jira14ZephyrTestStepNtB1p_27ZephyrTestStepCreateRequestE0Bb_
FN:1431,_RNCINvMs_NtNtCskhkPsqpzxNu_13rust_jira_mcp4jira6clientNtB7_10JiraClient14zephyr_requestNtNtNtBb_5types4jira14ZephyrTestStepNtB1p_27ZephyrTestStepUpdateRequestE0Bb_
FN:1431,_RNCINvMs_NtNtCskhkPsqpzxNu_13rust_jira_mcp4jira6clientNtB7_10JiraClient14zephyr_requestNtNtNtBb_5types4jira19ZephyrTestExecutionNtB1p_32ZephyrTestExecutionCreateRequestE0Bb_
FN:1431,_RNCINvMs_NtNtCskhkPsqpzxNu_13rust_jira_mcp4jira6clientNtB7_10JiraClient14zephyr_requestNtNtNtBb_5types4jira26ZephyrTestCaseSearchResultuE0Bb_
FN:113,_RNCINvMs_NtNtCskhkPsqpzxNu_13rust_jira_mcp4jira6clientNtB7_10JiraClient3getINtNtCsiAD6NEzHbBo_5alloc3vec3VecNtNtNtBb_5types4jira10JiraStatusEE0Bb_
FN:113,_RNCINvMs_NtNtCskhkPsqpzxNu_13rust_jira_mcp4jira6clientNtB7_10JiraClient3getINtNtCsiAD6NEzHbBo_5alloc3vec3VecNtNtNtBb_5types4jira12JiraLinkTypeEE0Bb_
FN:113,_RNCINvMs_NtNtCskhkPsqpzxNu_13rust_jira_mcp4jira6clientNtB7_10JiraClient3getINtNtCsiAD6NEzHbBo_5alloc3vec3VecNtNtNtBb_5types4jira12JiraPriorityEE0Bb_
FN:113,_RNCINvMs_NtNtCskhkPsqpzxNu_13rust_jira_mcp4jira6clientNtB7_10JiraClient3getINtNtCsiAD6NEzHbBo_5alloc3vec3VecNtNtNtBb_5types4jira13JiraComponentEE0Bb_
FN:113,_RNCINvMs_NtNtCskhkPsqpzxNu_13rust_jira_mcp4jira6clientNtB7_10JiraClient3getNtNtCslJRJgdvPEaJ_10serde_json5value5ValueE0Bb_
FN:113,_RNCINvMs_NtNtCskhkPsqpzxNu_13rust_jira_mcp4jira6clientNtB7_10JiraClient3getNtNtNtBb_5types4jira13JiraIssueTypeE0Bb_
FN:113,_RNCINvMs_NtNtCskhkPsqpzxNu_13rust_jira_mcp4jira6clientNtB7_10JiraClient3getNtNtNtBb_5types4jira16JiraSearchResultE0Bb_
[...]
FN:15,_RNCNvNtNtCsbRuuH6jbcRQ_13rust_jira_mcp5utils8response23format_success_response0B7_
FN:53,_RNCNvNtNtCsbRuuH6jbcRQ_13rust_jira_mcp5utils8response23format_validation_error0B7_
FN:23,_RNvNtNtCsbRuuH6jbcRQ_13rust_jira_mcp5utils8response21format_error_response
FN:6,_RNvNtNtCsbRuuH6jbcRQ_13rust_jira_mcp5utils8response23format_success_response
FN:43,_RNvNtNtCsbRuuH6jbcRQ_13rust_jira_mcp5utils8response23format_validation_error
FN:35,_RNCNvNtNtCs6CcTQqNWjGP_13rust_jira_mcp5utils8response21format_error_response0B7_
FN:15,_RNCNvNtNtCs6CcTQqNWjGP_13rust_jira_mcp5utils8response23format_success_response0B7_
FN:53,_RNCNvNtNtCs6CcTQqNWjGP_13rust_jira_mcp5utils8response23format_validation_error0B7_
FN:23,_RNvNtNtCs6CcTQqNWjGP_13rust_jira_mcp5utils8response21format_error_response
FN:6,_RNvNtNtCs6CcTQqNWjGP_13rust_jira_mcp5utils8response23format_success_response
FN:43,_RNvNtNtCs6CcTQqNWjGP_13rust_jira_mcp5utils8response23format_validation_error
FN:23,_RNvNtNtCskhkPsqpzxNu_13rust_jira_mcp5utils8response21format_error_response
FN:6,_RNvNtNtCskhkPsqpzxNu_13rust_jira_mcp5utils8response23format_success_response
FN:43,_RNvNtNtCskhkPsqpzxNu_13rust_jira_mcp5utils8response23format_validation_error
FNDA:0,_RNCNvNtNtCskhkPsqpzxNu_13rust_jira_mcp5utils8response21format_error_response0B7_
FNDA:0,_RNCNvNtNtCskhkPsqpzxNu_13rust_jira_mcp5utils8response23format_success_response0B7_
FNDA:0,_RNCNvNtNtCskhkPsqpzxNu_13rust_jira_mcp5utils8response23format_validation_error0B7_
FNDA:0,_RNCNvNtNtCslEfzt21w4nZ_13rust_jira_mcp5utils8response21format_error_response0B7_
FNDA:0,_RNCNvNtNtCslEfzt21w4nZ_13rust_jira_mcp5utils8response23format_success_response0B7_
FNDA:0,_RNCNvNtNtCslEfzt21w4nZ_13rust_jira_mcp5utils8response23format_validation_error0B7_
FNDA:0,_RNvNtNtCslEfzt21w4nZ_13rust_jira_mcp5utils8response21format_error_response
FNDA:0,_RNvNtNtCslEfzt21w4nZ_13rust_jira_mcp5utils8response23format_success_response
FNDA:0,_RNvNtNtCslEfzt21w4nZ_13rust_jira_mcp5utils8response23format_validation_error
FNDA:0,_RNCNvNtNtCsbRuuH6jbcRQ_13rust_jira_mcp5utils8response21format_error_response0B7_
FNDA:0,_RNCNvNtNtCsbRuuH6jbcRQ_13rust_jira_mcp5utils8response23format_success_response0B7_
FNDA:0,_RNCNvNtNtCsbRuuH6jbcRQ_13rust_jira_mcp5utils8response23format_validation_error0B7_
FNDA:0,_RNvNtNtCsbRuuH6jbcRQ_13rust_jira_mcp5utils8response21format_error_response
FNDA:0,_RNvNtNtCsbRuuH6jbcRQ_13rust_jira_mcp5utils8response23format_success_response
FNDA:0,_RNvNtNtCsbRuuH6jbcRQ_13rust_jira_mcp5utils8response23format_validation_error
FNDA:0,_RNCNvNtNtCs6CcTQqNWjGP_13rust_jira_mcp5utils8response21format_error_response0B7_
FNDA:0,_RNCNvNtNtCs6CcTQqNWjGP_13rust_jira_mcp5utils8response23format_success_response0B7_
FNDA:0,_RNCNvNtNtCs6CcTQqNWjGP_13rust_jira_mcp5utils8response23format_validation_error0B7_
FNDA:0,_RNvNtNtCs6CcTQqNWjGP_13rust_jira_mcp5utils8response21format_error_response
FNDA:0,_RNvNtNtCs6CcTQqNWjGP_13rust_jira_mcp5utils8response23format_success_response
FNDA:0,_RNvNtNtCs6CcTQqNWjGP_13rust_jira_mcp5utils8response23format_validation_error
FNDA:2,_RNvNtNtCskhkPsqpzxNu_13rust_jira_mcp5utils8response21format_error_response
FNDA:3,_RNvNtNtCskhkPsqpzxNu_13rust_jira_mcp5utils8response23format_success_response
FNDA:3,_RNvNtNtCskhkPsqpzxNu_13rust_jira_mcp5utils8response23format_validation_error
FNF:6
FNH:3
DA:6,3
DA:7,3
DA:8,3
DA:9,3
DA:10,3
DA:14,3
DA:15,3
DA:17,3
DA:19,3
DA:23,2
DA:24,2
DA:25,2
DA:26,2
DA:29,2
DA:30,1
DA:31,1
DA:34,2
DA:35,2
DA:37,2
DA:39,2
DA:43,3
DA:44,3
DA:45,3
DA:46,3
DA:47,3
DA:48,3
DA:52,3
DA:53,3
DA:55,3
DA:57,3
BRF:0
BRH:0
LF:33
LH:30
end_of_record
SF:/private/tmp/rust-20250911-8302-9bo2pv/rustc-1.89.0-src/library/core/src/panic.rs
FN:99,_RINvNvMNtCsbXzHXCQNdKw_6chrono5naiveNtB5_9NaiveWeek4days18panic_cold_displaypEB7_
FN:99,_RINvNvCsbXzHXCQNdKw_6chrono6expect18panic_cold_displayReEB4_
FN:99,_RINvNvNtNtCs8LHMX5OfBCT_5tokio4task5spawn11spawn_inner18panic_cold_displayNtNtNtB8_7runtime6handle15TryCurrentErrorECscIQUCJKGvSX_7reqwest
FN:87,_RNvNvNtNtCsgRKi1Q6tV4M_4ring10arithmetic8constant11parse_digit19panic_cold_explicit
FN:99,_RINvNvMs2_NtNtNtCs4ZjoQ04nMNG_8zerotrie7builder5konst5storeINtB8_17ConstArrayBuilderKppE20const_build_or_panic18panic_cold_displaypEBe_
FN:99,_RINvNvMNtNtCs8LHMX5OfBCT_5tokio7runtime4timeNtB5_6Driver19park_thread_timeout18panic_cold_displayReEB9_
FN:99,_RINvNvMNtNtCs8LHMX5OfBCT_5tokio7runtime6handleNtB5_6Handle5enter18panic_cold_displayReEB9_
FN:87,_RNvNvMs0_NtNtNtNtCs8LHMX5OfBCT_5tokio7runtime9scheduler12multi_thread5queueINtB7_5LocalpE9push_back19panic_cold_explicit
FN:99,_RINvNvMNtNtCs8LHMX5OfBCT_5tokio4time5clockNtB5_5Clock3new18panic_cold_displayReEB9_
FN:99,_RINvNvNtNtCs8LHMX5OfBCT_5tokio4time5clock10with_clock18panic_cold_displayReEB8_
FN:99,_RINvNvNtNtCs8LHMX5OfBCT_5tokio4time5clock10with_clocks_18panic_cold_displayReEB8_
FN:99,_RINvNvMs1_NtNtCs8LHMX5OfBCT_5tokio7runtime9schedulerNtB8_6Handle7current18panic_cold_displayNtNtBa_6handle15TryCurrentErrorEBc_
FN:99,_RINvNvMs8_NtNtNtCs8LHMX5OfBCT_5tokio7runtime4time5entryNtB8_10TimerEntry12poll_elapsed18panic_cold_displayReEBe_
FN:99,_RINvNvNtNtCs8LHMX5OfBCT_5tokio4task5spawn11spawn_inner18panic_cold_displaypEB8_
FN:99,_RINvNvNtNtNtNtCs8LHMX5OfBCT_5tokio7runtime9scheduler12multi_thread6worker14block_in_place18panic_cold_displaypEBc_
FN:87,_RNvNvXs6_NtCs2S32HPRY1mr_10serde_core2deNtB7_5OneOfNtNtCs99E9PC2tmbt_4core3fmt7Display3fmt19panic_cold_explicit
FN:99,_RINvNvMs5_NtCs9QsUEOcwEo4_7mockito4mockNtB8_4Mock6assert18panic_cold_displayNtNtCsiAD6NEzHbBo_5alloc6string6StringEBa_
FN:99,_RINvNvNtNtCs8LHMX5OfBCT_5tokio4task5spawn11spawn_inner18panic_cold_displayNtNtNtB8_7runtime6handle15TryCurrentErrorECs9QsUEOcwEo4_7mockito
FN:99,_RINvNCNvMs5_NtCs9QsUEOcwEo4_7mockito4mockNtBa_4Mock12assert_async018panic_cold_displaypEBc_
FNDA:0,_RINvNvMNtCsbXzHXCQNdKw_6chrono5naiveNtB5_9NaiveWeek4days18panic_cold_displaypEB7_
FNDA:0,_RINvNvCsbXzHXCQNdKw_6chrono6expect18panic_cold_displayReEB4_
FNDA:0,_RINvNvNtNtCs8LHMX5OfBCT_5tokio4task5spawn11spawn_inner18panic_cold_displayNtNtNtB8_7runtime6handle15TryCurrentErrorECscIQUCJKGvSX_7reqwest
FNDA:0,_RNvNvNtNtCsgRKi1Q6tV4M_4ring10arithmetic8constant11parse_digit19panic_cold_explicit
FNDA:0,_RINvNvMs2_NtNtNtCs4ZjoQ04nMNG_8zerotrie7builder5konst5storeINtB8_17ConstArrayBuilderKppE20const_build_or_panic18panic_cold_displaypEBe_
FNDA:0,_RINvNvMNtNtCs8LHMX5OfBCT_5tokio7runtime4timeNtB5_6Driver19park_thread_timeout18panic_cold_displayReEB9_
FNDA:0,_RINvNvMNtNtCs8LHMX5OfBCT_5tokio7runtime6handleNtB5_6Handle5enter18panic_cold_displayReEB9_
FNDA:0,_RNvNvMs0_NtNtNtNtCs8LHMX5OfBCT_5tokio7runtime9scheduler12multi_thread5queueINtB7_5LocalpE9push_back19panic_cold_explicit
FNDA:0,_RINvNvMNtNtCs8LHMX5OfBCT_5tokio4time5clockNtB5_5Clock3new18panic_cold_displayReEB9_
FNDA:0,_RINvNvNtNtCs8LHMX5OfBCT_5tokio4time5clock10with_clock18panic_cold_displayReEB8_
FNDA:0,_RINvNvNtNtCs8LHMX5OfBCT_5tokio4time5clock10with_clocks_18panic_cold_displayReEB8_
FNDA:0,_RINvNvMs1_NtNtCs8LHMX5OfBCT_5tokio7runtime9schedulerNtB8_6Handle7current18panic_cold_displayNtNtBa_6handle15TryCurrentErrorEBc_
FNDA:0,_RINvNvMs8_NtNtNtCs8LHMX5OfBCT_5tokio7runtime4time5entryNtB8_10TimerEntry12poll_elapsed18panic_cold_displayReEBe_
FNDA:0,_RINvNvNtNtCs8LHMX5OfBCT_5tokio4task5spawn11spawn_inner18panic_cold_displaypEB8_
FNDA:0,_RINvNvNtNtNtNtCs8LHMX5OfBCT_5tokio7runtime9scheduler12multi_thread6worker14block_in_place18panic_cold_displaypEBc_
FNDA:0,_RNvNvXs6_NtCs2S32HPRY1mr_10serde_core2deNtB7_5OneOfNtNtCs99E9PC2tmbt_4core3fmt7Display3fmt19panic_cold_explicit
FNDA:0,_RINvNvMs5_NtCs9QsUEOcwEo4_7mockito4mockNtB8_4Mock6assert18panic_cold_displayNtNtCsiAD6NEzHbBo_5alloc6string6StringEBa_
FNDA:0,_RINvNvNtNtCs8LHMX5OfBCT_5tokio4task5spawn11spawn_inner18panic_cold_displayNtNtNtB8_7runtime6handle15TryCurrentErrorECs9QsUEOcwEo4_7mockito
FNDA:0,_RINvNCNvMs5_NtCs9QsUEOcwEo4_7mockito4mockNtBa_4Mock12assert_async018panic_cold_displaypEBc_
FNF:2
FNH:0
DA:87,0
DA:88,0
DA:99,0
DA:100,0
BRF:0
BRH:0
LF:4
LH:0
end_of_record
SF:/private/tmp/rust-20250911-8302-9bo2pv/rustc-1.89.0-src/library/std/src/sys/thread_local/native/mod.rs
FN:67,_RNCNkNvNvXsa_NtNtCs4tjzL8of5fe_18tracing_subscriber3fmt9fmt_layerINtBb_5LayerppppEINtNtBf_5layer5LayerpE8on_event3BUF00Bf_
FN:73,_RNCNkNvNtNtCs4tjzL8of5fe_18tracing_subscriber8registry7sharded11CLOSE_COUNT0s_0B9_
FN:67,_RNCNkNvNtNtCs4tjzL8of5fe_18tracing_subscriber6filter13layer_filters9FILTERING00B9_
FN:67,_RNCNkNvNtNtCs4tjzL8of5fe_18tracing_subscriber8registry7sharded11CLOSE_COUNT00B9_
FN:73,_RNCNkNvNvXsa_NtNtCs4tjzL8of5fe_18tracing_subscriber3fmt9fmt_layerINtBb_5LayerppppEINtNtBf_5layer5LayerpE8on_event3BUF0s_0Bf_
FN:73,_RNCNkNvNtNtCs4tjzL8of5fe_18tracing_subscriber6filter13layer_filters9FILTERING0s_0B9_
FN:94,_RNCNkNvNtNtNtCsbXzHXCQNdKw_6chrono6offset5local5inner7TZ_INFO00Bb_
FN:83,_RNvNvNtNtNtCsbXzHXCQNdKw_6chrono6offset5local5inner7TZ_INFO6___initB9_
FN:101,_RNCNkNvNtNtNtCsbXzHXCQNdKw_6chrono6offset5local5inner7TZ_INFO0s_0Bb_
FN:94,_RNCNkNvNtCsexCGDf8Ukpf_12sharded_slab3tid12REGISTRATION00B7_
FN:83,_RNvNvNtCsexCGDf8Ukpf_12sharded_slab3tid12REGISTRATION6___initB5_
FN:101,_RNCNkNvNtCsexCGDf8Ukpf_12sharded_slab3tid12REGISTRATION0s_0B7_
FN:101,_RNCNkNvNtNtNtCshURz3PIfpFH_14regex_automata4util4pool5inner9THREAD_ID0s_0Bb_
FN:83,_RNvNvNtNtNtCshURz3PIfpFH_14regex_automata4util4pool5inner9THREAD_ID6___initB9_
FN:94,_RNCNkNvNtNtNtCshURz3PIfpFH_14regex_automata4util4pool5inner9THREAD_ID00Bb_
FN:67,_RNCNkNvNtCsfZWK1ce7vN1_12thread_local9thread_id12THREAD_GUARD00B7_
FN:73,_RNCNkNvNtCsfZWK1ce7vN1_12thread_local9thread_id6THREAD0s_0B7_
FN:73,_RNCNkNvNtCsfZWK1ce7vN1_12thread_local9thread_id12THREAD_GUARD0s_0B7_
FN:67,_RNCNkNvNtCsfZWK1ce7vN1_12thread_local9thread_id6THREAD00B7_
FN:94,_RNCNkNvNvNtCscIQUCJKGvSX_7reqwest4util11fast_random3RNG00B9_
FN:101,_RNCNkNvNvNtCscIQUCJKGvSX_7reqwest4util11fast_random3RNG0s_0B9_
FN:83,_RNvNvNvNtCscIQUCJKGvSX_7reqwest4util11fast_random3RNG6___initB7_
FN:101,_RNCNkNvNtCsbGA6kNUpT35_8fastrand10global_rng3RNG0s_0B7_
FN:83,_RNvNvNtCsbGA6kNUpT35_8fastrand10global_rng3RNG6___initB5_
FN:94,_RNCNkNvNtCsbGA6kNUpT35_8fastrand10global_rng3RNG00B7_
FN:67,_RNCNkNvNtCs7T438nWE092_12tracing_core10dispatcher13CURRENT_STATE00B7_
FN:73,_RNCNkNvNtCs7T438nWE092_12tracing_core10dispatcher13CURRENT_STATE0s_0B7_
FN:101,_RNCNkNvNvNtNtCs6RY8Ofi67vc_12futures_util11async_await6random6random3RNG0s_0Bb_
FN:83,_RNvNvNvNtNtCs6RY8Ofi67vc_12futures_util11async_await6random6random3RNG6___initB9_
FN:94,_RNCNkNvNvNtNtCs6RY8Ofi67vc_12futures_util11async_await6random6random3RNG00Bb_
FN:67,_RNCNkNvNtNtCs8LHMX5OfBCT_5tokio4task5local7CURRENT00B9_
FN:67,_RNCNkNvNtNtCs8LHMX5OfBCT_5tokio7runtime7context7CONTEXT00B9_
FN:94,_RNCNkNvNtNtCs8LHMX5OfBCT_5tokio7runtime4park14CURRENT_PARKER00B9_
FN:83,_RNvNvNtNtCs8LHMX5OfBCT_5tokio7runtime4park14CURRENT_PARKER6___initB7_
FN:73,_RNCNkNvNtNtCs8LHMX5OfBCT_5tokio4task5local7CURRENT0s_0B9_
FN:101,_RNCNkNvNtNtCs8LHMX5OfBCT_5tokio7runtime4park14CURRENT_PARKER0s_0B9_
FN:73,_RNCNkNvNtNtCs8LHMX5OfBCT_5tokio7runtime7context7CONTEXT0s_0B9_
FN:101,_RNCNkNvNvXNtCsjqnr70nbdPX_11parking_lot7remutexNtB8_11RawThreadIdNtNtCs9cx7BjsDoZf_8lock_api7remutex11GetThreadId17nonzero_thread_id3KEY0s_0Ba_
FN:83,_RNvNvNvXNtCsjqnr70nbdPX_11parking_lot7remutexNtB6_11RawThreadIdNtNtCs9cx7BjsDoZf_8lock_api7remutex11GetThreadId17nonzero_thread_id3KEY6___initB8_
FN:94,_RNCNkNvNvXNtCsjqnr70nbdPX_11parking_lot7remutexNtB8_11RawThreadIdNtNtCs9cx7BjsDoZf_8lock_api7remutex11GetThreadId17nonzero_thread_id3KEY00Ba_
FN:94,_RNCNkNvNvNtCseL1OU5W5RDQ_16parking_lot_core9word_lock16with_thread_data11THREAD_DATA00B9_
FN:83,_RNvNvNvNtCseL1OU5W5RDQ_16parking_lot_core9word_lock16with_thread_data11THREAD_DATA6___initB7_
FN:94,_RNCNkNvNvNtCseL1OU5W5RDQ_16parking_lot_core11parking_lot16with_thread_data11THREAD_DATA00B9_
FN:83,_RNvNvNvNtCseL1OU5W5RDQ_16parking_lot_core11parking_lot16with_thread_data11THREAD_DATA6___initB7_
FN:101,_RNCNkNvNvNtCseL1OU5W5RDQ_16parking_lot_core11parking_lot16with_thread_data11THREAD_DATA0s_0B9_
FN:101,_RNCNkNvNvNtCseL1OU5W5RDQ_16parking_lot_core9word_lock16with_thread_data11THREAD_DATA0s_0B9_
FN:94,_RNCNkNvNvMNtCsgC4x6v1F9m9_17crossbeam_channel7contextNtB8_7Context4with7CONTEXT00Ba_
FN:83,_RNvNvNvMNtCsgC4x6v1F9m9_17crossbeam_channel7contextNtB6_7Context4with7CONTEXT6___initB8_
FN:73,_RNCNkNvNvNtCsgC4x6v1F9m9_17crossbeam_channel5utils7shuffle3RNG0s_0B9_
FN:101,_RNCNkNvNvNtCsgC4x6v1F9m9_17crossbeam_channel5waker17current_thread_id9THREAD_ID0s_0B9_
FN:83,_RNvNvNvNtCsgC4x6v1F9m9_17crossbeam_channel5waker17current_thread_id9THREAD_ID6___initB7_
FN:101,_RNCNkNvNvMNtCsgC4x6v1F9m9_17crossbeam_channel7contextNtB8_7Context4with7CONTEXT0s_0Ba_
FN:67,_RNCNkNvNvNtCsgC4x6v1F9m9_17crossbeam_channel5utils7shuffle3RNG00B9_
FN:94,_RNCNkNvNvNtCsgC4x6v1F9m9_17crossbeam_channel5waker17current_thread_id9THREAD_ID00B9_
FN:94,_RNCNkNvNtNtCsdUpTtblhO97_15crossbeam_utils4sync12sharded_lock12REGISTRATION00B9_
FN:83,_RNvNvNtNtCsdUpTtblhO97_15crossbeam_utils4sync12sharded_lock12REGISTRATION6___initB7_
FN:101,_RNCNkNvNtNtCsdUpTtblhO97_15crossbeam_utils4sync12sharded_lock12REGISTRATION0s_0B9_
FN:94,_RNCNkNvNtNtCs55KhxfZRvMG_5hyper6common4date6CACHED00B9_
FN:83,_RNvNvNtNtCs55KhxfZRvMG_5hyper6common4date6CACHED6___initB7_
FN:101,_RNCNkNvNtNtCs55KhxfZRvMG_5hyper6common4date6CACHED0s_0B9_
FN:94,_RNCNkNvNtNtCsbaFU77fca4G_4rand4rngs6thread14THREAD_RNG_KEY00B9_
FN:83,_RNvNvNtNtCsbaFU77fca4G_4rand4rngs6thread14THREAD_RNG_KEY6___initB7_
FN:101,_RNCNkNvNtNtCsbaFU77fca4G_4rand4rngs6thread14THREAD_RNG_KEY0s_0B9_
FN:94,_RNCNkNvNtCsgvHuRXRwdk0_16futures_executor10local_pool21CURRENT_THREAD_NOTIFY00B7_
FN:83,_RNvNvNtCsgvHuRXRwdk0_16futures_executor10local_pool21CURRENT_THREAD_NOTIFY6___initB5_
FN:101,_RNCNkNvNtCsgvHuRXRwdk0_16futures_executor5enter7ENTERED0s_0B7_
FN:83,_RNvNvNtCsgvHuRXRwdk0_16futures_executor5enter7ENTERED6___initB5_
FN:101,_RNCNkNvNtCsgvHuRXRwdk0_16futures_executor10local_pool21CURRENT_THREAD_NOTIFY0s_0B7_
FN:94,_RNCNkNvNtCsgvHuRXRwdk0_16futures_executor5enter7ENTERED00B7_
FNDA:0,_RNCNkNvNvXsa_NtNtCs4tjzL8of5fe_18tracing_subscriber3fmt9fmt_layerINtBb_5LayerppppEINtNtBf_5layer5LayerpE8on_event3BUF00Bf_
FNDA:0,_RNCNkNvNtNtCs4tjzL8of5fe_18tracing_subscriber8registry7sharded11CLOSE_COUNT0s_0B9_
FNDA:0,_RNCNkNvNtNtCs4tjzL8of5fe_18tracing_subscriber6filter13layer_filters9FILTERING00B9_
FNDA:0,_RNCNkNvNtNtCs4tjzL8of5fe_18tracing_subscriber8registry7sharded11CLOSE_COUNT00B9_
FNDA:0,_RNCNkNvNvXsa_NtNtCs4tjzL8of5fe_18tracing_subscriber3fmt9fmt_layerINtBb_5LayerppppEINtNtBf_5layer5LayerpE8on_event3BUF0s_0Bf_
FNDA:0,_RNCNkNvNtNtCs4tjzL8of5fe_18tracing_subscriber6filter13layer_filters9FILTERING0s_0B9_
FNDA:0,_RNCNkNvNtNtNtCsbXzHXCQNdKw_6chrono6offset5local5inner7TZ_INFO00Bb_
FNDA:0,_RNvNvNtNtNtCsbXzHXCQNdKw_6chrono6offset5local5inner7TZ_INFO6___initB9_
FNDA:0,_RNCNkNvNtNtNtCsbXzHXCQNdKw_6chrono6offset5local5inner7TZ_INFO0s_0Bb_
FNDA:0,_RNCNkNvNtCsexCGDf8Ukpf_12sharded_slab3tid12REGISTRATION00B7_
FNDA:0,_RNvNvNtCsexCGDf8Ukpf_12sharded_slab3tid12REGISTRATION6___initB5_
FNDA:0,_RNCNkNvNtCsexCGDf8Ukpf_12sharded_slab3tid12REGISTRATION0s_0B7_
FNDA:0,_RNCNkNvNtNtNtCshURz3PIfpFH_14regex_automata4util4pool5inner9THREAD_ID0s_0Bb_
FNDA:0,_RNvNvNtNtNtCshURz3PIfpFH_14regex_automata4util4pool5inner9THREAD_ID6___initB9_
FNDA:0,_RNCNkNvNtNtNtCshURz3PIfpFH_14regex_automata4util4pool5inner9THREAD_ID00Bb_
FNDA:0,_RNCNkNvNtCsfZWK1ce7vN1_12thread_local9thread_id12THREAD_GUARD00B7_
FNDA:0,_RNCNkNvNtCsfZWK1ce7vN1_12thread_local9thread_id6THREAD0s_0B7_
FNDA:0,_RNCNkNvNtCsfZWK1ce7vN1_12thread_local9thread_id12THREAD_GUARD0s_0B7_
FNDA:0,_RNCNkNvNtCsfZWK1ce7vN1_12thread_local9thread_id6THREAD00B7_
FNDA:0,_RNCNkNvNvNtCscIQUCJKGvSX_7reqwest4util11fast_random3RNG00B9_
FNDA:4,_RNCNkNvNvNtCscIQUCJKGvSX_7reqwest4util11fast_random3RNG0s_0B9_
FNDA:1,_RNvNvNvNtCscIQUCJKGvSX_7reqwest4util11fast_random3RNG6___initB7_
FNDA:6,_RNCNkNvNtCsbGA6kNUpT35_8fastrand10global_rng3RNG0s_0B7_
FNDA:6,_RNvNvNtCsbGA6kNUpT35_8fastrand10global_rng3RNG6___initB5_
FNDA:0,_RNCNkNvNtCsbGA6kNUpT35_8fastrand10global_rng3RNG00B7_
FNDA:0,_RNCNkNvNtCs7T438nWE092_12tracing_core10dispatcher13CURRENT_STATE00B7_
FNDA:0,_RNCNkNvNtCs7T438nWE092_12tracing_core10dispatcher13CURRENT_STATE0s_0B7_
FNDA:0,_RNCNkNvNvNtNtCs6RY8Ofi67vc_12futures_util11async_await6random6random3RNG0s_0Bb_
FNDA:0,_RNvNvNvNtNtCs6RY8Ofi67vc_12futures_util11async_await6random6random3RNG6___initB9_
FNDA:0,_RNCNkNvNvNtNtCs6RY8Ofi67vc_12futures_util11async_await6random6random3RNG00Bb_
FNDA:84,_RNCNkNvNtNtCs8LHMX5OfBCT_5tokio4task5local7CURRENT00B9_
FNDA:7202,_RNCNkNvNtNtCs8LHMX5OfBCT_5tokio7runtime7context7CONTEXT00B9_
FNDA:301,_RNCNkNvNtNtCs8LHMX5OfBCT_5tokio7runtime4park14CURRENT_PARKER00B9_
FNDA:250,_RNvNvNtNtCs8LHMX5OfBCT_5tokio7runtime4park14CURRENT_PARKER6___initB7_
FNDA:0,_RNCNkNvNtNtCs8LHMX5OfBCT_5tokio4task5local7CURRENT0s_0B9_
FNDA:0,_RNCNkNvNtNtCs8LHMX5OfBCT_5tokio7runtime4park14CURRENT_PARKER0s_0B9_
FNDA:0,_RNCNkNvNtNtCs8LHMX5OfBCT_5tokio7runtime7context7CONTEXT0s_0B9_
FNDA:0,_RNCNkNvNvXNtCsjqnr70nbdPX_11parking_lot7remutexNtB8_11RawThreadIdNtNtCs9cx7BjsDoZf_8lock_api7remutex11GetThreadId17nonzero_thread_id3KEY0s_0Ba_
FNDA:0,_RNvNvNvXNtCsjqnr70nbdPX_11parking_lot7remutexNtB6_11RawThreadIdNtNtCs9cx7BjsDoZf_8lock_api7remutex11GetThreadId17nonzero_thread_id3KEY6___initB8_
FNDA:0,_RNCNkNvNvXNtCsjqnr70nbdPX_11parking_lot7remutexNtB8_11RawThreadIdNtNtCs9cx7BjsDoZf_8lock_api7remutex11GetThreadId17nonzero_thread_id3KEY00Ba_
FNDA:0,_RNCNkNvNvNtCseL1OU5W5RDQ_16parking_lot_core9word_lock16with_thread_data11THREAD_DATA00B9_
FNDA:0,_RNvNvNvNtCseL1OU5W5RDQ_16parking_lot_core9word_lock16with_thread_data11THREAD_DATA6___initB7_
FNDA:116,_RNCNkNvNvNtCseL1OU5W5RDQ_16parking_lot_core11parking_lot16with_thread_data11THREAD_DATA00B9_
FNDA:104,_RNvNvNvNtCseL1OU5W5RDQ_16parking_lot_core11parking_lot16with_thread_data11THREAD_DATA6___initB7_
FNDA:0,_RNCNkNvNvNtCseL1OU5W5RDQ_16parking_lot_core11parking_lot16with_thread_data11THREAD_DATA0s_0B9_
FNDA:0,_RNCNkNvNvNtCseL1OU5W5RDQ_16parking_lot_core9word_lock16with_thread_data11THREAD_DATA0s_0B9_
FNDA:0,_RNCNkNvNvMNtCsgC4x6v1F9m9_17crossbeam_channel7contextNtB8_7Context4with7CONTEXT00Ba_
FNDA:0,_RNvNvNvMNtCsgC4x6v1F9m9_17crossbeam_channel7contextNtB6_7Context4with7CONTEXT6___initB8_
FNDA:0,_RNCNkNvNvNtCsgC4x6v1F9m9_17crossbeam_channel5utils7shuffle3RNG0s_0B9_
FNDA:0,_RNCNkNvNvNtCsgC4x6v1F9m9_17crossbeam_channel5waker17current_thread_id9THREAD_ID0s_0B9_
FNDA:0,_RNvNvNvNtCsgC4x6v1F9m9_17crossbeam_channel5waker17current_thread_id9THREAD_ID6___initB7_
FNDA:0,_RNCNkNvNvMNtCsgC4x6v1F9m9_17crossbeam_channel7contextNtB8_7Context4with7CONTEXT0s_0Ba_
FNDA:0,_RNCNkNvNvNtCsgC4x6v1F9m9_17crossbeam_channel5utils7shuffle3RNG00B9_
FNDA:0,_RNCNkNvNvNtCsgC4x6v1F9m9_17crossbeam_channel5waker17current_thread_id9THREAD_ID00B9_
FNDA:0,_RNCNkNvNtNtCsdUpTtblhO97_15crossbeam_utils4sync12sharded_lock12REGISTRATION00B9_
FNDA:0,_RNvNvNtNtCsdUpTtblhO97_15crossbeam_utils4sync12sharded_lock12REGISTRATION6___initB7_
FNDA:0,_RNCNkNvNtNtCsdUpTtblhO97_15crossbeam_utils4sync12sharded_lock12REGISTRATION0s_0B9_
FNDA:30,_RNCNkNvNtNtCs55KhxfZRvMG_5hyper6common4date6CACHED00B9_
FNDA:10,_RNvNvNtNtCs55KhxfZRvMG_5hyper6common4date6CACHED6___initB7_
FNDA:0,_RNCNkNvNtNtCs55KhxfZRvMG_5hyper6common4date6CACHED0s_0B9_
FNDA:14,_RNCNkNvNtNtCsbaFU77fca4G_4rand4rngs6thread14THREAD_RNG_KEY00B9_
FNDA:13,_RNvNvNtNtCsbaFU77fca4G_4rand4rngs6thread14THREAD_RNG_KEY6___initB7_
FNDA:0,_RNCNkNvNtNtCsbaFU77fca4G_4rand4rngs6thread14THREAD_RNG_KEY0s_0B9_
FNDA:0,_RNCNkNvNtCsgvHuRXRwdk0_16futures_executor10local_pool21CURRENT_THREAD_NOTIFY00B7_
FNDA:0,_RNvNvNtCsgvHuRXRwdk0_16futures_executor10local_pool21CURRENT_THREAD_NOTIFY6___initB5_
FNDA:0,_RNCNkNvNtCsgvHuRXRwdk0_16futures_executor5enter7ENTERED0s_0B7_
FNDA:0,_RNvNvNtCsgvHuRXRwdk0_16futures_executor5enter7ENTERED6___initB5_
FNDA:0,_RNCNkNvNtCsgvHuRXRwdk0_16futures_executor10local_pool21CURRENT_THREAD_NOTIFY0s_0B7_
FNDA:0,_RNCNkNvNtCsgvHuRXRwdk0_16futures_executor5enter7ENTERED00B7_
FNF:5
FNH:4
DA:67,7286
DA:73,0
DA:83,384
DA:94,461
DA:101,10
BRF:0
BRH:0
LF:5
LH:4
end_of_record